[0.291s] Invoking command in '/home/zsy/sy_git/ROS2/CHAPT2_WS/demo_python_pkg': PYTHONPATH=/home/zsy/sy_git/ROS2/CHAPT2_WS/build/demo_python_pkg/prefix_override:/usr/lib/python3/dist-packages/colcon_core/task/python/colcon_distutils_commands:/home/zsy/sy_git/ROS2/CHAPT2_WS/install/demo_python_pkg/lib/python3.10/site-packages:${PYTHONPATH} /usr/bin/python3 -W ignore:setup.py install is deprecated setup.py egg_info --egg-base ../build/demo_python_pkg build --build-base /home/zsy/sy_git/ROS2/CHAPT2_WS/build/demo_python_pkg/build install --record /home/zsy/sy_git/ROS2/CHAPT2_WS/build/demo_python_pkg/install.log --single-version-externally-managed install_data
[0.413s] running egg_info
[0.414s] writing ../build/demo_python_pkg/demo_python_pkg.egg-info/PKG-INFO
[0.414s] writing dependency_links to ../build/demo_python_pkg/demo_python_pkg.egg-info/dependency_links.txt
[0.415s] writing entry points to ../build/demo_python_pkg/demo_python_pkg.egg-info/entry_points.txt
[0.415s] writing requirements to ../build/demo_python_pkg/demo_python_pkg.egg-info/requires.txt
[0.415s] writing top-level names to ../build/demo_python_pkg/demo_python_pkg.egg-info/top_level.txt
[0.417s] reading manifest file '../build/demo_python_pkg/demo_python_pkg.egg-info/SOURCES.txt'
[0.418s] adding license file 'LICENSE'
[0.418s] writing manifest file '../build/demo_python_pkg/demo_python_pkg.egg-info/SOURCES.txt'
[0.418s] running build
[0.419s] running build_py
[0.419s] running install
[0.419s] running install_lib
[0.420s] running install_data
[0.420s] running install_egg_info
[0.421s] removing '/home/zsy/sy_git/ROS2/CHAPT2_WS/install/demo_python_pkg/lib/python3.10/site-packages/demo_python_pkg-0.0.0-py3.10.egg-info' (and everything under it)
[0.422s] Copying ../build/demo_python_pkg/demo_python_pkg.egg-info to /home/zsy/sy_git/ROS2/CHAPT2_WS/install/demo_python_pkg/lib/python3.10/site-packages/demo_python_pkg-0.0.0-py3.10.egg-info
[0.423s] running install_scripts
[0.435s] Installing person_node0 script to /home/zsy/sy_git/ROS2/CHAPT2_WS/install/demo_python_pkg/lib/demo_python_pkg
[0.435s] Installing python_node script to /home/zsy/sy_git/ROS2/CHAPT2_WS/install/demo_python_pkg/lib/demo_python_pkg
[0.435s] Installing writer_node1 script to /home/zsy/sy_git/ROS2/CHAPT2_WS/install/demo_python_pkg/lib/demo_python_pkg
[0.436s] writing list of installed files to '/home/zsy/sy_git/ROS2/CHAPT2_WS/build/demo_python_pkg/install.log'
[0.457s] Invoked command in '/home/zsy/sy_git/ROS2/CHAPT2_WS/demo_python_pkg' returned '0': PYTHONPATH=/home/zsy/sy_git/ROS2/CHAPT2_WS/build/demo_python_pkg/prefix_override:/usr/lib/python3/dist-packages/colcon_core/task/python/colcon_distutils_commands:/home/zsy/sy_git/ROS2/CHAPT2_WS/install/demo_python_pkg/lib/python3.10/site-packages:${PYTHONPATH} /usr/bin/python3 -W ignore:setup.py install is deprecated setup.py egg_info --egg-base ../build/demo_python_pkg build --build-base /home/zsy/sy_git/ROS2/CHAPT2_WS/build/demo_python_pkg/build install --record /home/zsy/sy_git/ROS2/CHAPT2_WS/build/demo_python_pkg/install.log --single-version-externally-managed install_data
