[0.088s] DEBUG:colcon:Command line arguments: ['/usr/bin/colcon', 'build']
[0.088s] DEBUG:colcon:Parsed command line arguments: Namespace(log_base=None, log_level=None, verb_name='build', build_base='build', install_base='install', merge_install=False, symlink_install=False, test_result_base=None, continue_on_error=False, executor='parallel', parallel_workers=4, event_handlers=None, ignore_user_meta=False, metas=['./colcon.meta'], base_paths=['.'], packages_ignore=None, packages_ignore_regex=None, paths=None, packages_up_to=None, packages_up_to_regex=None, packages_above=None, packages_above_and_dependencies=None, packages_above_depth=None, packages_select_by_dep=None, packages_skip_by_dep=None, packages_skip_up_to=None, packages_select_build_failed=False, packages_skip_build_finished=False, packages_select_test_failures=False, packages_skip_test_passed=False, packages_select=None, packages_skip=None, packages_select_regex=None, packages_skip_regex=None, packages_start=None, packages_end=None, allow_overriding=[], cmake_args=None, cmake_target=None, cmake_target_skip_unavailable=False, cmake_clean_cache=False, cmake_clean_first=False, cmake_force_configure=False, ament_cmake_args=None, catkin_cmake_args=None, catkin_skip_building_tests=False, mixin_files=None, mixin=None, verb_parser=<colcon_mixin.mixin.mixin_argument.MixinArgumentDecorator object at 0x7c9e911bd4e0>, verb_extension=<colcon_core.verb.build.BuildVerb object at 0x7c9e911bd090>, main=<bound method BuildVerb.main of <colcon_core.verb.build.BuildVerb object at 0x7c9e911bd090>>, mixin_verb=('build',))
[0.236s] Level 1:colcon.colcon_core.package_discovery:discover_packages(colcon_meta) check parameters
[0.236s] Level 1:colcon.colcon_core.package_discovery:discover_packages(recursive) check parameters
[0.236s] Level 1:colcon.colcon_core.package_discovery:discover_packages(ignore) check parameters
[0.236s] Level 1:colcon.colcon_core.package_discovery:discover_packages(path) check parameters
[0.236s] Level 1:colcon.colcon_core.package_discovery:discover_packages(colcon_meta) discover
[0.236s] Level 1:colcon.colcon_core.package_discovery:discover_packages(recursive) discover
[0.236s] INFO:colcon.colcon_core.package_discovery:Crawling recursively for packages in '/home/zsy/sy_git/ROS2/CHAPT2_WS'
[0.236s] Level 1:colcon.colcon_core.package_identification:_identify(.) by extensions ['ignore', 'ignore_ament_install']
[0.236s] Level 1:colcon.colcon_core.package_identification:_identify(.) by extension 'ignore'
[0.237s] Level 1:colcon.colcon_core.package_identification:_identify(.) by extension 'ignore_ament_install'
[0.237s] Level 1:colcon.colcon_core.package_identification:_identify(.) by extensions ['colcon_pkg']
[0.237s] Level 1:colcon.colcon_core.package_identification:_identify(.) by extension 'colcon_pkg'
[0.237s] Level 1:colcon.colcon_core.package_identification:_identify(.) by extensions ['colcon_meta']
[0.237s] Level 1:colcon.colcon_core.package_identification:_identify(.) by extension 'colcon_meta'
[0.237s] Level 1:colcon.colcon_core.package_identification:_identify(.) by extensions ['ros']
[0.237s] Level 1:colcon.colcon_core.package_identification:_identify(.) by extension 'ros'
[0.244s] Level 1:colcon.colcon_core.package_identification:_identify(.) by extensions ['cmake', 'python']
[0.244s] Level 1:colcon.colcon_core.package_identification:_identify(.) by extension 'cmake'
[0.244s] Level 1:colcon.colcon_core.package_identification:_identify(.) by extension 'python'
[0.244s] Level 1:colcon.colcon_core.package_identification:_identify(.) by extensions ['python_setup_py']
[0.244s] Level 1:colcon.colcon_core.package_identification:_identify(.) by extension 'python_setup_py'
[0.244s] Level 1:colcon.colcon_core.package_identification:_identify(build) by extensions ['ignore', 'ignore_ament_install']
[0.244s] Level 1:colcon.colcon_core.package_identification:_identify(build) by extension 'ignore'
[0.245s] Level 1:colcon.colcon_core.package_identification:_identify(build) ignored
[0.245s] Level 1:colcon.colcon_core.package_identification:_identify(demo_cpp_pkg) by extensions ['ignore', 'ignore_ament_install']
[0.245s] Level 1:colcon.colcon_core.package_identification:_identify(demo_cpp_pkg) by extension 'ignore'
[0.245s] Level 1:colcon.colcon_core.package_identification:_identify(demo_cpp_pkg) by extension 'ignore_ament_install'
[0.245s] Level 1:colcon.colcon_core.package_identification:_identify(demo_cpp_pkg) by extensions ['colcon_pkg']
[0.245s] Level 1:colcon.colcon_core.package_identification:_identify(demo_cpp_pkg) by extension 'colcon_pkg'
[0.245s] Level 1:colcon.colcon_core.package_identification:_identify(demo_cpp_pkg) by extensions ['colcon_meta']
[0.245s] Level 1:colcon.colcon_core.package_identification:_identify(demo_cpp_pkg) by extension 'colcon_meta'
[0.245s] Level 1:colcon.colcon_core.package_identification:_identify(demo_cpp_pkg) by extensions ['ros']
[0.245s] Level 1:colcon.colcon_core.package_identification:_identify(demo_cpp_pkg) by extension 'ros'
[0.247s] DEBUG:colcon.colcon_core.package_identification:Package 'demo_cpp_pkg' with type 'ros.ament_cmake' and name 'demo_cpp_pkg'
[0.247s] Level 1:colcon.colcon_core.package_identification:_identify(demo_python_pkg) by extensions ['ignore', 'ignore_ament_install']
[0.247s] Level 1:colcon.colcon_core.package_identification:_identify(demo_python_pkg) by extension 'ignore'
[0.247s] Level 1:colcon.colcon_core.package_identification:_identify(demo_python_pkg) by extension 'ignore_ament_install'
[0.247s] Level 1:colcon.colcon_core.package_identification:_identify(demo_python_pkg) by extensions ['colcon_pkg']
[0.247s] Level 1:colcon.colcon_core.package_identification:_identify(demo_python_pkg) by extension 'colcon_pkg'
[0.247s] Level 1:colcon.colcon_core.package_identification:_identify(demo_python_pkg) by extensions ['colcon_meta']
[0.247s] Level 1:colcon.colcon_core.package_identification:_identify(demo_python_pkg) by extension 'colcon_meta'
[0.247s] Level 1:colcon.colcon_core.package_identification:_identify(demo_python_pkg) by extensions ['ros']
[0.247s] Level 1:colcon.colcon_core.package_identification:_identify(demo_python_pkg) by extension 'ros'
[0.247s] DEBUG:colcon.colcon_core.package_identification:Package 'demo_python_pkg' with type 'ros.ament_python' and name 'demo_python_pkg'
[0.247s] Level 1:colcon.colcon_core.package_identification:_identify(install) by extensions ['ignore', 'ignore_ament_install']
[0.247s] Level 1:colcon.colcon_core.package_identification:_identify(install) by extension 'ignore'
[0.247s] Level 1:colcon.colcon_core.package_identification:_identify(install) ignored
[0.247s] Level 1:colcon.colcon_core.package_identification:_identify(log) by extensions ['ignore', 'ignore_ament_install']
[0.248s] Level 1:colcon.colcon_core.package_identification:_identify(log) by extension 'ignore'
[0.248s] Level 1:colcon.colcon_core.package_identification:_identify(log) ignored
[0.248s] Level 1:colcon.colcon_core.package_discovery:discover_packages(recursive) using defaults
[0.248s] Level 1:colcon.colcon_core.package_discovery:discover_packages(ignore) discover
[0.248s] Level 1:colcon.colcon_core.package_discovery:discover_packages(ignore) using defaults
[0.248s] Level 1:colcon.colcon_core.package_discovery:discover_packages(path) discover
[0.248s] Level 1:colcon.colcon_core.package_discovery:discover_packages(path) using defaults
[0.261s] Level 1:colcon.colcon_core.package_discovery:discover_packages(prefix_path) check parameters
[0.261s] Level 1:colcon.colcon_core.package_discovery:discover_packages(prefix_path) discover
[0.263s] DEBUG:colcon.colcon_installed_package_information.package_discovery:Found 270 installed packages in /opt/ros/humble
[0.265s] Level 1:colcon.colcon_core.package_discovery:discover_packages(prefix_path) using defaults
[0.291s] Level 5:colcon.colcon_core.verb:set package 'demo_cpp_pkg' build argument 'cmake_args' from command line to 'None'
[0.291s] Level 5:colcon.colcon_core.verb:set package 'demo_cpp_pkg' build argument 'cmake_target' from command line to 'None'
[0.291s] Level 5:colcon.colcon_core.verb:set package 'demo_cpp_pkg' build argument 'cmake_target_skip_unavailable' from command line to 'False'
[0.291s] Level 5:colcon.colcon_core.verb:set package 'demo_cpp_pkg' build argument 'cmake_clean_cache' from command line to 'False'
[0.291s] Level 5:colcon.colcon_core.verb:set package 'demo_cpp_pkg' build argument 'cmake_clean_first' from command line to 'False'
[0.291s] Level 5:colcon.colcon_core.verb:set package 'demo_cpp_pkg' build argument 'cmake_force_configure' from command line to 'False'
[0.291s] Level 5:colcon.colcon_core.verb:set package 'demo_cpp_pkg' build argument 'ament_cmake_args' from command line to 'None'
[0.291s] Level 5:colcon.colcon_core.verb:set package 'demo_cpp_pkg' build argument 'catkin_cmake_args' from command line to 'None'
[0.291s] Level 5:colcon.colcon_core.verb:set package 'demo_cpp_pkg' build argument 'catkin_skip_building_tests' from command line to 'False'
[0.291s] DEBUG:colcon.colcon_core.verb:Building package 'demo_cpp_pkg' with the following arguments: {'ament_cmake_args': None, 'build_base': '/home/zsy/sy_git/ROS2/CHAPT2_WS/build/demo_cpp_pkg', 'catkin_cmake_args': None, 'catkin_skip_building_tests': False, 'cmake_args': None, 'cmake_clean_cache': False, 'cmake_clean_first': False, 'cmake_force_configure': False, 'cmake_target': None, 'cmake_target_skip_unavailable': False, 'install_base': '/home/zsy/sy_git/ROS2/CHAPT2_WS/install/demo_cpp_pkg', 'merge_install': False, 'path': '/home/zsy/sy_git/ROS2/CHAPT2_WS/demo_cpp_pkg', 'symlink_install': False, 'test_result_base': None}
[0.291s] Level 5:colcon.colcon_core.verb:set package 'demo_python_pkg' build argument 'cmake_args' from command line to 'None'
[0.291s] Level 5:colcon.colcon_core.verb:set package 'demo_python_pkg' build argument 'cmake_target' from command line to 'None'
[0.291s] Level 5:colcon.colcon_core.verb:set package 'demo_python_pkg' build argument 'cmake_target_skip_unavailable' from command line to 'False'
[0.291s] Level 5:colcon.colcon_core.verb:set package 'demo_python_pkg' build argument 'cmake_clean_cache' from command line to 'False'
[0.291s] Level 5:colcon.colcon_core.verb:set package 'demo_python_pkg' build argument 'cmake_clean_first' from command line to 'False'
[0.291s] Level 5:colcon.colcon_core.verb:set package 'demo_python_pkg' build argument 'cmake_force_configure' from command line to 'False'
[0.291s] Level 5:colcon.colcon_core.verb:set package 'demo_python_pkg' build argument 'ament_cmake_args' from command line to 'None'
[0.291s] Level 5:colcon.colcon_core.verb:set package 'demo_python_pkg' build argument 'catkin_cmake_args' from command line to 'None'
[0.291s] Level 5:colcon.colcon_core.verb:set package 'demo_python_pkg' build argument 'catkin_skip_building_tests' from command line to 'False'
[0.291s] DEBUG:colcon.colcon_core.verb:Building package 'demo_python_pkg' with the following arguments: {'ament_cmake_args': None, 'build_base': '/home/zsy/sy_git/ROS2/CHAPT2_WS/build/demo_python_pkg', 'catkin_cmake_args': None, 'catkin_skip_building_tests': False, 'cmake_args': None, 'cmake_clean_cache': False, 'cmake_clean_first': False, 'cmake_force_configure': False, 'cmake_target': None, 'cmake_target_skip_unavailable': False, 'install_base': '/home/zsy/sy_git/ROS2/CHAPT2_WS/install/demo_python_pkg', 'merge_install': False, 'path': '/home/zsy/sy_git/ROS2/CHAPT2_WS/demo_python_pkg', 'symlink_install': False, 'test_result_base': None}
[0.291s] INFO:colcon.colcon_core.executor:Executing jobs using 'parallel' executor
[0.292s] DEBUG:colcon.colcon_parallel_executor.executor.parallel:run_until_complete
[0.293s] INFO:colcon.colcon_ros.task.ament_cmake.build:Building ROS package in '/home/zsy/sy_git/ROS2/CHAPT2_WS/demo_cpp_pkg' with build type 'ament_cmake'
[0.293s] INFO:colcon.colcon_cmake.task.cmake.build:Building CMake package in '/home/zsy/sy_git/ROS2/CHAPT2_WS/demo_cpp_pkg'
[0.295s] INFO:colcon.colcon_core.plugin_system:Skipping extension 'colcon_core.shell.bat': Not used on non-Windows systems
[0.295s] INFO:colcon.colcon_core.shell:Skip shell extension 'powershell' for command environment: Not usable outside of PowerShell
[0.295s] DEBUG:colcon.colcon_core.shell:Skip shell extension 'dsv' for command environment
[0.297s] INFO:colcon.colcon_ros.task.ament_python.build:Building ROS package in '/home/zsy/sy_git/ROS2/CHAPT2_WS/demo_python_pkg' with build type 'ament_python'
[0.297s] Level 1:colcon.colcon_core.shell:create_environment_hook('demo_python_pkg', 'ament_prefix_path')
[0.297s] INFO:colcon.colcon_core.shell:Creating environment hook '/home/zsy/sy_git/ROS2/CHAPT2_WS/install/demo_python_pkg/share/demo_python_pkg/hook/ament_prefix_path.ps1'
[0.298s] INFO:colcon.colcon_core.shell:Creating environment descriptor '/home/zsy/sy_git/ROS2/CHAPT2_WS/install/demo_python_pkg/share/demo_python_pkg/hook/ament_prefix_path.dsv'
[0.298s] INFO:colcon.colcon_core.shell:Creating environment hook '/home/zsy/sy_git/ROS2/CHAPT2_WS/install/demo_python_pkg/share/demo_python_pkg/hook/ament_prefix_path.sh'
[0.299s] INFO:colcon.colcon_core.shell:Skip shell extension 'powershell' for command environment: Not usable outside of PowerShell
[0.299s] DEBUG:colcon.colcon_core.shell:Skip shell extension 'dsv' for command environment
[0.303s] DEBUG:colcon.colcon_core.event_handler.log_command:Invoking command in '/home/zsy/sy_git/ROS2/CHAPT2_WS/build/demo_cpp_pkg': CMAKE_PREFIX_PATH=/opt/ros/humble /usr/bin/cmake --build /home/zsy/sy_git/ROS2/CHAPT2_WS/build/demo_cpp_pkg -- -j4 -l4
[0.425s] INFO:colcon.colcon_core.task.python.build:Building Python package in '/home/zsy/sy_git/ROS2/CHAPT2_WS/demo_python_pkg'
[0.426s] INFO:colcon.colcon_core.shell:Skip shell extension 'powershell' for command environment: Not usable outside of PowerShell
[0.426s] DEBUG:colcon.colcon_core.shell:Skip shell extension 'dsv' for command environment
[0.601s] DEBUG:colcon.colcon_core.event_handler.log_command:Invoking command in '/home/zsy/sy_git/ROS2/CHAPT2_WS/demo_python_pkg': PYTHONPATH=/home/zsy/sy_git/ROS2/CHAPT2_WS/build/demo_python_pkg/prefix_override:/usr/lib/python3/dist-packages/colcon_core/task/python/colcon_distutils_commands:/home/zsy/sy_git/ROS2/CHAPT2_WS/install/demo_python_pkg/lib/python3.10/site-packages:${PYTHONPATH} /usr/bin/python3 -W ignore:setup.py install is deprecated setup.py egg_info --egg-base ../build/demo_python_pkg build --build-base /home/zsy/sy_git/ROS2/CHAPT2_WS/build/demo_python_pkg/build install --record /home/zsy/sy_git/ROS2/CHAPT2_WS/build/demo_python_pkg/install.log --single-version-externally-managed install_data
[0.761s] DEBUG:colcon.colcon_core.event_handler.log_command:Invoked command in '/home/zsy/sy_git/ROS2/CHAPT2_WS/demo_python_pkg' returned '0': PYTHONPATH=/home/zsy/sy_git/ROS2/CHAPT2_WS/build/demo_python_pkg/prefix_override:/usr/lib/python3/dist-packages/colcon_core/task/python/colcon_distutils_commands:/home/zsy/sy_git/ROS2/CHAPT2_WS/install/demo_python_pkg/lib/python3.10/site-packages:${PYTHONPATH} /usr/bin/python3 -W ignore:setup.py install is deprecated setup.py egg_info --egg-base ../build/demo_python_pkg build --build-base /home/zsy/sy_git/ROS2/CHAPT2_WS/build/demo_python_pkg/build install --record /home/zsy/sy_git/ROS2/CHAPT2_WS/build/demo_python_pkg/install.log --single-version-externally-managed install_data
[0.765s] Level 1:colcon.colcon_core.environment:checking '/home/zsy/sy_git/ROS2/CHAPT2_WS/install/demo_python_pkg' for CMake module files
[0.766s] Level 1:colcon.colcon_core.environment:checking '/home/zsy/sy_git/ROS2/CHAPT2_WS/install/demo_python_pkg' for CMake config files
[0.767s] Level 1:colcon.colcon_core.environment:checking '/home/zsy/sy_git/ROS2/CHAPT2_WS/install/demo_python_pkg/lib'
[0.767s] Level 1:colcon.colcon_core.environment:checking '/home/zsy/sy_git/ROS2/CHAPT2_WS/install/demo_python_pkg/bin'
[0.767s] Level 1:colcon.colcon_core.environment:checking '/home/zsy/sy_git/ROS2/CHAPT2_WS/install/demo_python_pkg/lib/pkgconfig/demo_python_pkg.pc'
[0.767s] Level 1:colcon.colcon_core.environment:checking '/home/zsy/sy_git/ROS2/CHAPT2_WS/install/demo_python_pkg/lib/python3.10/site-packages'
[0.768s] Level 1:colcon.colcon_core.shell:create_environment_hook('demo_python_pkg', 'pythonpath')
[0.768s] INFO:colcon.colcon_core.shell:Creating environment hook '/home/zsy/sy_git/ROS2/CHAPT2_WS/install/demo_python_pkg/share/demo_python_pkg/hook/pythonpath.ps1'
[0.768s] INFO:colcon.colcon_core.shell:Creating environment descriptor '/home/zsy/sy_git/ROS2/CHAPT2_WS/install/demo_python_pkg/share/demo_python_pkg/hook/pythonpath.dsv'
[0.769s] INFO:colcon.colcon_core.shell:Creating environment hook '/home/zsy/sy_git/ROS2/CHAPT2_WS/install/demo_python_pkg/share/demo_python_pkg/hook/pythonpath.sh'
[0.769s] Level 1:colcon.colcon_core.environment:checking '/home/zsy/sy_git/ROS2/CHAPT2_WS/install/demo_python_pkg/bin'
[0.769s] Level 1:colcon.colcon_core.environment:create_environment_scripts_only(demo_python_pkg)
[0.770s] INFO:colcon.colcon_core.shell:Creating package script '/home/zsy/sy_git/ROS2/CHAPT2_WS/install/demo_python_pkg/share/demo_python_pkg/package.ps1'
[0.770s] INFO:colcon.colcon_core.shell:Creating package descriptor '/home/zsy/sy_git/ROS2/CHAPT2_WS/install/demo_python_pkg/share/demo_python_pkg/package.dsv'
[0.771s] INFO:colcon.colcon_core.shell:Creating package script '/home/zsy/sy_git/ROS2/CHAPT2_WS/install/demo_python_pkg/share/demo_python_pkg/package.sh'
[0.771s] INFO:colcon.colcon_core.shell:Creating package script '/home/zsy/sy_git/ROS2/CHAPT2_WS/install/demo_python_pkg/share/demo_python_pkg/package.bash'
[0.771s] INFO:colcon.colcon_core.shell:Creating package script '/home/zsy/sy_git/ROS2/CHAPT2_WS/install/demo_python_pkg/share/demo_python_pkg/package.zsh'
[0.772s] Level 1:colcon.colcon_core.environment:create_file_with_runtime_dependencies(/home/zsy/sy_git/ROS2/CHAPT2_WS/install/demo_python_pkg/share/colcon-core/packages/demo_python_pkg)
[2.852s] DEBUG:colcon.colcon_core.event_handler.log_command:Invoked command in '/home/zsy/sy_git/ROS2/CHAPT2_WS/build/demo_cpp_pkg' returned '0': CMAKE_PREFIX_PATH=/opt/ros/humble /usr/bin/cmake --build /home/zsy/sy_git/ROS2/CHAPT2_WS/build/demo_cpp_pkg -- -j4 -l4
[2.882s] DEBUG:colcon.colcon_core.event_handler.log_command:Invoking command in '/home/zsy/sy_git/ROS2/CHAPT2_WS/build/demo_cpp_pkg': CMAKE_PREFIX_PATH=/opt/ros/humble /usr/bin/cmake --install /home/zsy/sy_git/ROS2/CHAPT2_WS/build/demo_cpp_pkg
[2.890s] Level 1:colcon.colcon_core.environment:create_environment_scripts_only(demo_cpp_pkg)
[2.890s] Level 1:colcon.colcon_core.environment:checking '/home/zsy/sy_git/ROS2/CHAPT2_WS/install/demo_cpp_pkg' for CMake module files
[2.891s] Level 1:colcon.colcon_core.environment:checking '/home/zsy/sy_git/ROS2/CHAPT2_WS/install/demo_cpp_pkg' for CMake config files
[2.891s] Level 1:colcon.colcon_core.shell:create_environment_hook('demo_cpp_pkg', 'cmake_prefix_path')
[2.891s] INFO:colcon.colcon_core.shell:Creating environment hook '/home/zsy/sy_git/ROS2/CHAPT2_WS/install/demo_cpp_pkg/share/demo_cpp_pkg/hook/cmake_prefix_path.ps1'
[2.891s] DEBUG:colcon.colcon_core.event_handler.log_command:Invoked command in '/home/zsy/sy_git/ROS2/CHAPT2_WS/build/demo_cpp_pkg' returned '0': CMAKE_PREFIX_PATH=/opt/ros/humble /usr/bin/cmake --install /home/zsy/sy_git/ROS2/CHAPT2_WS/build/demo_cpp_pkg
[2.892s] INFO:colcon.colcon_core.shell:Creating environment descriptor '/home/zsy/sy_git/ROS2/CHAPT2_WS/install/demo_cpp_pkg/share/demo_cpp_pkg/hook/cmake_prefix_path.dsv'
[2.892s] INFO:colcon.colcon_core.shell:Creating environment hook '/home/zsy/sy_git/ROS2/CHAPT2_WS/install/demo_cpp_pkg/share/demo_cpp_pkg/hook/cmake_prefix_path.sh'
[2.892s] Level 1:colcon.colcon_core.environment:checking '/home/zsy/sy_git/ROS2/CHAPT2_WS/install/demo_cpp_pkg/lib'
[2.892s] Level 1:colcon.colcon_core.environment:checking '/home/zsy/sy_git/ROS2/CHAPT2_WS/install/demo_cpp_pkg/bin'
[2.892s] Level 1:colcon.colcon_core.environment:checking '/home/zsy/sy_git/ROS2/CHAPT2_WS/install/demo_cpp_pkg/lib/pkgconfig/demo_cpp_pkg.pc'
[2.893s] Level 1:colcon.colcon_core.environment:checking '/home/zsy/sy_git/ROS2/CHAPT2_WS/install/demo_cpp_pkg/lib/python3.10/site-packages'
[2.893s] Level 1:colcon.colcon_core.environment:checking '/home/zsy/sy_git/ROS2/CHAPT2_WS/install/demo_cpp_pkg/bin'
[2.893s] INFO:colcon.colcon_core.shell:Creating package script '/home/zsy/sy_git/ROS2/CHAPT2_WS/install/demo_cpp_pkg/share/demo_cpp_pkg/package.ps1'
[2.893s] INFO:colcon.colcon_core.shell:Creating package descriptor '/home/zsy/sy_git/ROS2/CHAPT2_WS/install/demo_cpp_pkg/share/demo_cpp_pkg/package.dsv'
[2.893s] INFO:colcon.colcon_core.shell:Creating package script '/home/zsy/sy_git/ROS2/CHAPT2_WS/install/demo_cpp_pkg/share/demo_cpp_pkg/package.sh'
[2.894s] INFO:colcon.colcon_core.shell:Creating package script '/home/zsy/sy_git/ROS2/CHAPT2_WS/install/demo_cpp_pkg/share/demo_cpp_pkg/package.bash'
[2.894s] INFO:colcon.colcon_core.shell:Creating package script '/home/zsy/sy_git/ROS2/CHAPT2_WS/install/demo_cpp_pkg/share/demo_cpp_pkg/package.zsh'
[2.894s] Level 1:colcon.colcon_core.environment:create_file_with_runtime_dependencies(/home/zsy/sy_git/ROS2/CHAPT2_WS/install/demo_cpp_pkg/share/colcon-core/packages/demo_cpp_pkg)
[2.917s] Level 1:colcon.colcon_core.environment:create_environment_scripts_only(demo_cpp_pkg)
[2.917s] Level 1:colcon.colcon_core.environment:checking '/home/zsy/sy_git/ROS2/CHAPT2_WS/install/demo_cpp_pkg' for CMake module files
[2.918s] Level 1:colcon.colcon_core.environment:checking '/home/zsy/sy_git/ROS2/CHAPT2_WS/install/demo_cpp_pkg' for CMake config files
[2.918s] Level 1:colcon.colcon_core.shell:create_environment_hook('demo_cpp_pkg', 'cmake_prefix_path')
[2.918s] INFO:colcon.colcon_core.shell:Creating environment hook '/home/zsy/sy_git/ROS2/CHAPT2_WS/install/demo_cpp_pkg/share/demo_cpp_pkg/hook/cmake_prefix_path.ps1'
[2.918s] INFO:colcon.colcon_core.shell:Creating environment descriptor '/home/zsy/sy_git/ROS2/CHAPT2_WS/install/demo_cpp_pkg/share/demo_cpp_pkg/hook/cmake_prefix_path.dsv'
[2.919s] INFO:colcon.colcon_core.shell:Creating environment hook '/home/zsy/sy_git/ROS2/CHAPT2_WS/install/demo_cpp_pkg/share/demo_cpp_pkg/hook/cmake_prefix_path.sh'
[2.919s] Level 1:colcon.colcon_core.environment:checking '/home/zsy/sy_git/ROS2/CHAPT2_WS/install/demo_cpp_pkg/lib'
[2.919s] Level 1:colcon.colcon_core.environment:checking '/home/zsy/sy_git/ROS2/CHAPT2_WS/install/demo_cpp_pkg/bin'
[2.919s] Level 1:colcon.colcon_core.environment:checking '/home/zsy/sy_git/ROS2/CHAPT2_WS/install/demo_cpp_pkg/lib/pkgconfig/demo_cpp_pkg.pc'
[2.919s] Level 1:colcon.colcon_core.environment:checking '/home/zsy/sy_git/ROS2/CHAPT2_WS/install/demo_cpp_pkg/lib/python3.10/site-packages'
[2.919s] Level 1:colcon.colcon_core.environment:checking '/home/zsy/sy_git/ROS2/CHAPT2_WS/install/demo_cpp_pkg/bin'
[2.920s] INFO:colcon.colcon_core.shell:Creating package script '/home/zsy/sy_git/ROS2/CHAPT2_WS/install/demo_cpp_pkg/share/demo_cpp_pkg/package.ps1'
[2.920s] INFO:colcon.colcon_core.shell:Creating package descriptor '/home/zsy/sy_git/ROS2/CHAPT2_WS/install/demo_cpp_pkg/share/demo_cpp_pkg/package.dsv'
[2.920s] INFO:colcon.colcon_core.shell:Creating package script '/home/zsy/sy_git/ROS2/CHAPT2_WS/install/demo_cpp_pkg/share/demo_cpp_pkg/package.sh'
[2.921s] INFO:colcon.colcon_core.shell:Creating package script '/home/zsy/sy_git/ROS2/CHAPT2_WS/install/demo_cpp_pkg/share/demo_cpp_pkg/package.bash'
[2.921s] INFO:colcon.colcon_core.shell:Creating package script '/home/zsy/sy_git/ROS2/CHAPT2_WS/install/demo_cpp_pkg/share/demo_cpp_pkg/package.zsh'
[2.921s] Level 1:colcon.colcon_core.environment:create_file_with_runtime_dependencies(/home/zsy/sy_git/ROS2/CHAPT2_WS/install/demo_cpp_pkg/share/colcon-core/packages/demo_cpp_pkg)
[2.921s] DEBUG:colcon.colcon_parallel_executor.executor.parallel:closing loop
[2.921s] DEBUG:colcon.colcon_parallel_executor.executor.parallel:loop closed
[2.922s] DEBUG:colcon.colcon_parallel_executor.executor.parallel:run_until_complete finished with '0'
[2.922s] DEBUG:colcon.colcon_core.event_reactor:joining thread
[2.926s] INFO:colcon.colcon_core.plugin_system:Skipping extension 'colcon_notification.desktop_notification.terminal_notifier': Not used on non-Darwin systems
[2.926s] INFO:colcon.colcon_core.plugin_system:Skipping extension 'colcon_notification.desktop_notification.win32': Not used on non-Windows systems
[2.926s] INFO:colcon.colcon_notification.desktop_notification:Sending desktop notification using 'notify2'
[2.944s] DEBUG:colcon.colcon_core.event_reactor:joined thread
[2.945s] INFO:colcon.colcon_core.shell:Creating prefix script '/home/zsy/sy_git/ROS2/CHAPT2_WS/install/local_setup.ps1'
[2.946s] INFO:colcon.colcon_core.shell:Creating prefix util module '/home/zsy/sy_git/ROS2/CHAPT2_WS/install/_local_setup_util_ps1.py'
[2.947s] INFO:colcon.colcon_core.shell:Creating prefix chain script '/home/zsy/sy_git/ROS2/CHAPT2_WS/install/setup.ps1'
[2.947s] INFO:colcon.colcon_core.shell:Creating prefix script '/home/zsy/sy_git/ROS2/CHAPT2_WS/install/local_setup.sh'
[2.948s] INFO:colcon.colcon_core.shell:Creating prefix util module '/home/zsy/sy_git/ROS2/CHAPT2_WS/install/_local_setup_util_sh.py'
[2.948s] INFO:colcon.colcon_core.shell:Creating prefix chain script '/home/zsy/sy_git/ROS2/CHAPT2_WS/install/setup.sh'
[2.949s] INFO:colcon.colcon_core.shell:Creating prefix script '/home/zsy/sy_git/ROS2/CHAPT2_WS/install/local_setup.bash'
[2.949s] INFO:colcon.colcon_core.shell:Creating prefix chain script '/home/zsy/sy_git/ROS2/CHAPT2_WS/install/setup.bash'
[2.950s] INFO:colcon.colcon_core.shell:Creating prefix script '/home/zsy/sy_git/ROS2/CHAPT2_WS/install/local_setup.zsh'
[2.950s] INFO:colcon.colcon_core.shell:Creating prefix chain script '/home/zsy/sy_git/ROS2/CHAPT2_WS/install/setup.zsh'
