running egg_info
writing ../build/demo_python_pkg/demo_python_pkg.egg-info/PKG-INFO
writing dependency_links to ../build/demo_python_pkg/demo_python_pkg.egg-info/dependency_links.txt
writing entry points to ../build/demo_python_pkg/demo_python_pkg.egg-info/entry_points.txt
writing requirements to ../build/demo_python_pkg/demo_python_pkg.egg-info/requires.txt
writing top-level names to ../build/demo_python_pkg/demo_python_pkg.egg-info/top_level.txt
reading manifest file '../build/demo_python_pkg/demo_python_pkg.egg-info/SOURCES.txt'
adding license file 'LICENSE'
writing manifest file '../build/demo_python_pkg/demo_python_pkg.egg-info/SOURCES.txt'
running build
running build_py
copying demo_python_pkg/learn_thread.py -> /home/zsy/sy_git/ROS2/CHAPT2_WS/build/demo_python_pkg/build/lib/demo_python_pkg
running install
running install_lib
copying /home/zsy/sy_git/ROS2/CHAPT2_WS/build/demo_python_pkg/build/lib/demo_python_pkg/learn_thread.py -> /home/zsy/sy_git/ROS2/CHAPT2_WS/install/demo_python_pkg/lib/python3.10/site-packages/demo_python_pkg
byte-compiling /home/zsy/sy_git/ROS2/CHAPT2_WS/install/demo_python_pkg/lib/python3.10/site-packages/demo_python_pkg/learn_thread.py to learn_thread.cpython-310.pyc
running install_data
running install_egg_info
removing '/home/zsy/sy_git/ROS2/CHAPT2_WS/install/demo_python_pkg/lib/python3.10/site-packages/demo_python_pkg-0.0.0-py3.10.egg-info' (and everything under it)
Copying ../build/demo_python_pkg/demo_python_pkg.egg-info to /home/zsy/sy_git/ROS2/CHAPT2_WS/install/demo_python_pkg/lib/python3.10/site-packages/demo_python_pkg-0.0.0-py3.10.egg-info
running install_scripts
Installing learn_thread script to /home/zsy/sy_git/ROS2/CHAPT2_WS/install/demo_python_pkg/lib/demo_python_pkg
Installing person_node0 script to /home/zsy/sy_git/ROS2/CHAPT2_WS/install/demo_python_pkg/lib/demo_python_pkg
Installing python_node script to /home/zsy/sy_git/ROS2/CHAPT2_WS/install/demo_python_pkg/lib/demo_python_pkg
Installing writer_node1 script to /home/zsy/sy_git/ROS2/CHAPT2_WS/install/demo_python_pkg/lib/demo_python_pkg
writing list of installed files to '/home/zsy/sy_git/ROS2/CHAPT2_WS/build/demo_python_pkg/install.log'
