-- Found ament_cmake: 1.3.10 (/opt/ros/humble/share/ament_cmake/cmake)
-- Found rclcpp: 16.0.10 (/opt/ros/humble/share/rclcpp/cmake)
-- Found rosidl_generator_c: 3.1.5 (/opt/ros/humble/share/rosidl_generator_c/cmake)
-- Found rosidl_adapter: 3.1.5 (/opt/ros/humble/share/rosidl_adapter/cmake)
-- Found rosidl_generator_cpp: 3.1.5 (/opt/ros/humble/share/rosidl_generator_cpp/cmake)
-- Using all available rosidl_typesupport_c: rosidl_typesupport_fastrtps_c;rosidl_typesupport_introspection_c
-- Using all available rosidl_typesupport_cpp: rosidl_typesupport_fastrtps_cpp;rosidl_typesupport_introspection_cpp
-- Found rmw_implementation_cmake: 6.1.2 (/opt/ros/humble/share/rmw_implementation_cmake/cmake)
-- Found rmw_fastrtps_cpp: 6.2.7 (/opt/ros/humble/share/rmw_fastrtps_cpp/cmake)
-- Using RMW implementation 'rmw_fastrtps_cpp' as default
-- Found ament_lint_auto: 0.12.11 (/opt/ros/humble/share/ament_lint_auto/cmake)
-- Added test 'cppcheck' to perform static code analysis on C / C++ code
-- Configured cppcheck include dirs: 
-- Configured cppcheck exclude dirs and/or files: 
-- Added test 'lint_cmake' to check CMake code style
-- Added test 'uncrustify' to check C / C++ code style
-- Configured uncrustify additional arguments: 
-- Added test 'xmllint' to check XML markup files
-- Configuring done
-- Generating done
-- Build files have been written to: /home/zsy/sy_git/ROS2/CHAPT2_WS/build/demo_cpp_pkg
[ 25%] [32mBuilding CXX object CMakeFiles/cpp_node.dir/src/cpp_node.cpp.o[0m
[ 50%] [32mBuilding CXX object CMakeFiles/person_node.dir/src/person_node.cpp.o[0m
[01m[K/home/zsy/sy_git/ROS2/CHAPT2_WS/demo_cpp_pkg/src/person_node.cpp:9:5:[m[K [01;31m[Kerror: [m[Kexpected primary-expression before ‘[01m[Kint[m[K’
    9 |     [01;31m[Kint[m[K age_;
      |     [01;31m[K^~~[m[K
[01m[K/home/zsy/sy_git/ROS2/CHAPT2_WS/demo_cpp_pkg/src/person_node.cpp:8:17:[m[K [01;31m[Kerror: [m[Kbit-field ‘[01m[Kname_[m[K’ with non-integral type ‘[01m[Kstd::string[m[K’ {aka ‘[01m[Kstd::__cxx11::basic_string<char>[m[K’}
    8 |     std::string [01;31m[Kname_[m[K:
      |                 [01;31m[K^~~~~[m[K
[01m[K/home/zsy/sy_git/ROS2/CHAPT2_WS/demo_cpp_pkg/src/person_node.cpp:8:22:[m[K [01;31m[Kerror: [m[Kexpected ‘[01m[K;[m[K’ at end of member declaration
    8 |     std::string name_[01;31m[K:[m[K
      |                      [01;31m[K^[m[K
      |                       [32m[K;[m[K
[01m[K/home/zsy/sy_git/ROS2/CHAPT2_WS/demo_cpp_pkg/src/person_node.cpp:[m[K In constructor ‘[01m[KPersonNode::PersonNode(const string&, const string&, const int&)[m[K’:
[01m[K/home/zsy/sy_git/ROS2/CHAPT2_WS/demo_cpp_pkg/src/person_node.cpp:15:15:[m[K [01;31m[Kerror: [m[K‘[01m[Kclass PersonNode[m[K’ has no member named ‘[01m[Kname_[m[K’
   15 |         this->[01;31m[Kname_[m[K = name;
      |               [01;31m[K^~~~~[m[K
In file included from [01m[K/opt/ros/humble/include/rclcpp/rclcpp/logging.hpp:24[m[K,
                 from [01m[K/opt/ros/humble/include/rclcpp/rclcpp/client.hpp:40[m[K,
                 from [01m[K/opt/ros/humble/include/rclcpp/rclcpp/callback_group.hpp:24[m[K,
                 from [01m[K/opt/ros/humble/include/rclcpp/rclcpp/any_executable.hpp:20[m[K,
                 from [01m[K/opt/ros/humble/include/rclcpp/rclcpp/memory_strategy.hpp:25[m[K,
                 from [01m[K/opt/ros/humble/include/rclcpp/rclcpp/memory_strategies.hpp:18[m[K,
                 from [01m[K/opt/ros/humble/include/rclcpp/rclcpp/executor_options.hpp:20[m[K,
                 from [01m[K/opt/ros/humble/include/rclcpp/rclcpp/executor.hpp:37[m[K,
                 from [01m[K/opt/ros/humble/include/rclcpp/rclcpp/executors/multi_threaded_executor.hpp:25[m[K,
                 from [01m[K/opt/ros/humble/include/rclcpp/rclcpp/executors.hpp:21[m[K,
                 from [01m[K/opt/ros/humble/include/rclcpp/rclcpp/rclcpp.hpp:155[m[K,
                 from [01m[K/home/zsy/sy_git/ROS2/CHAPT2_WS/demo_cpp_pkg/src/person_node.cpp:1[m[K:
[01m[K/home/zsy/sy_git/ROS2/CHAPT2_WS/demo_cpp_pkg/src/person_node.cpp:[m[K In member function ‘[01m[Kvoid PersonNode::eat(const string&)[m[K’:
[01m[K/home/zsy/sy_git/ROS2/CHAPT2_WS/demo_cpp_pkg/src/person_node.cpp:20:67:[m[K [01;31m[Kerror: [m[K‘[01m[Kclass PersonNode[m[K’ has no member named ‘[01m[Kname_[m[K’
   20 |         RCLCPP_INFO(this->get_logger(),"我是%s,%d岁,爱吃%s",this->[01;31m[Kname_[m[K.c_str(),
      |                                                                   [01;31m[K^~~~~[m[K
In file included from [01m[K/opt/ros/humble/include/rclcpp/rclcpp/client.hpp:40[m[K,
                 from [01m[K/opt/ros/humble/include/rclcpp/rclcpp/callback_group.hpp:24[m[K,
                 from [01m[K/opt/ros/humble/include/rclcpp/rclcpp/any_executable.hpp:20[m[K,
                 from [01m[K/opt/ros/humble/include/rclcpp/rclcpp/memory_strategy.hpp:25[m[K,
                 from [01m[K/opt/ros/humble/include/rclcpp/rclcpp/memory_strategies.hpp:18[m[K,
                 from [01m[K/opt/ros/humble/include/rclcpp/rclcpp/executor_options.hpp:20[m[K,
                 from [01m[K/opt/ros/humble/include/rclcpp/rclcpp/executor.hpp:37[m[K,
                 from [01m[K/opt/ros/humble/include/rclcpp/rclcpp/executors/multi_threaded_executor.hpp:25[m[K,
                 from [01m[K/opt/ros/humble/include/rclcpp/rclcpp/executors.hpp:21[m[K,
                 from [01m[K/opt/ros/humble/include/rclcpp/rclcpp/rclcpp.hpp:155[m[K,
                 from [01m[K/home/zsy/sy_git/ROS2/CHAPT2_WS/demo_cpp_pkg/src/person_node.cpp:1[m[K:
[01m[K/home/zsy/sy_git/ROS2/CHAPT2_WS/demo_cpp_pkg/src/person_node.cpp:[m[K In function ‘[01m[Kint main(int, char**)[m[K’:
[01m[K/home/zsy/sy_git/ROS2/CHAPT2_WS/demo_cpp_pkg/src/person_node.cpp:28:22:[m[K [01;31m[Kerror: [m[K‘[01m[Kget_logger[m[K’ was not declared in this scope; did you mean ‘[01m[Krclcpp::get_logger[m[K’?
   28 |     RCLCPP_INFO(node-[01;31m[Kget_logger[m[K(),"你好C++节点！");
      |                      [01;31m[K^~~~~~~~~~[m[K
In file included from [01m[K/opt/ros/humble/include/rclcpp/rclcpp/logging.hpp:23[m[K,
                 from [01m[K/opt/ros/humble/include/rclcpp/rclcpp/client.hpp:40[m[K,
                 from [01m[K/opt/ros/humble/include/rclcpp/rclcpp/callback_group.hpp:24[m[K,
                 from [01m[K/opt/ros/humble/include/rclcpp/rclcpp/any_executable.hpp:20[m[K,
                 from [01m[K/opt/ros/humble/include/rclcpp/rclcpp/memory_strategy.hpp:25[m[K,
                 from [01m[K/opt/ros/humble/include/rclcpp/rclcpp/memory_strategies.hpp:18[m[K,
                 from [01m[K/opt/ros/humble/include/rclcpp/rclcpp/executor_options.hpp:20[m[K,
                 from [01m[K/opt/ros/humble/include/rclcpp/rclcpp/executor.hpp:37[m[K,
                 from [01m[K/opt/ros/humble/include/rclcpp/rclcpp/executors/multi_threaded_executor.hpp:25[m[K,
                 from [01m[K/opt/ros/humble/include/rclcpp/rclcpp/executors.hpp:21[m[K,
                 from [01m[K/opt/ros/humble/include/rclcpp/rclcpp/rclcpp.hpp:155[m[K,
                 from [01m[K/home/zsy/sy_git/ROS2/CHAPT2_WS/demo_cpp_pkg/src/person_node.cpp:1[m[K:
[01m[K/opt/ros/humble/include/rclcpp/rclcpp/logger.hpp:106:17:[m[K [01;36m[Knote: [m[K‘[01m[Krclcpp::get_logger[m[K’ declared here
  106 |   friend Logger [01;36m[Krclcpp[m[K::get_logger(const std::string & name);
      |                 [01;36m[K^~~~~~[m[K
In file included from [01m[K/opt/ros/humble/include/rclcpp/rclcpp/client.hpp:40[m[K,
                 from [01m[K/opt/ros/humble/include/rclcpp/rclcpp/callback_group.hpp:24[m[K,
                 from [01m[K/opt/ros/humble/include/rclcpp/rclcpp/any_executable.hpp:20[m[K,
                 from [01m[K/opt/ros/humble/include/rclcpp/rclcpp/memory_strategy.hpp:25[m[K,
                 from [01m[K/opt/ros/humble/include/rclcpp/rclcpp/memory_strategies.hpp:18[m[K,
                 from [01m[K/opt/ros/humble/include/rclcpp/rclcpp/executor_options.hpp:20[m[K,
                 from [01m[K/opt/ros/humble/include/rclcpp/rclcpp/executor.hpp:37[m[K,
                 from [01m[K/opt/ros/humble/include/rclcpp/rclcpp/executors/multi_threaded_executor.hpp:25[m[K,
                 from [01m[K/opt/ros/humble/include/rclcpp/rclcpp/executors.hpp:21[m[K,
                 from [01m[K/opt/ros/humble/include/rclcpp/rclcpp/rclcpp.hpp:155[m[K,
                 from [01m[K/home/zsy/sy_git/ROS2/CHAPT2_WS/demo_cpp_pkg/src/person_node.cpp:1[m[K:
[01m[K/home/zsy/sy_git/ROS2/CHAPT2_WS/demo_cpp_pkg/src/person_node.cpp:28:5:[m[K [01;31m[Kerror: [m[Ktemplate argument 1 is invalid
   28 |     [01;31m[KRCLCPP_INFO[m[K(node-get_logger(),"你好C++节点！");
      |     [01;31m[K^~~~~~~~~~~[m[K
[01m[K/home/zsy/sy_git/ROS2/CHAPT2_WS/demo_cpp_pkg/src/person_node.cpp:28:5:[m[K [01;31m[Kerror: [m[Ktemplate argument 1 is invalid
   28 |     [01;31m[KRCLCPP_INFO[m[K(node-get_logger(),"你好C++节点！");
      |     [01;31m[K^~~~~~~~~~~[m[K
[01m[K/home/zsy/sy_git/ROS2/CHAPT2_WS/demo_cpp_pkg/src/person_node.cpp:28:5:[m[K [01;31m[Kerror: [m[Ktemplate argument 1 is invalid
   28 |     [01;31m[KRCLCPP_INFO[m[K(node-get_logger(),"你好C++节点！");
      |     [01;31m[K^~~~~~~~~~~[m[K
gmake[2]: *** [CMakeFiles/person_node.dir/build.make:76：CMakeFiles/person_node.dir/src/person_node.cpp.o] 错误 1
gmake[1]: *** [CMakeFiles/Makefile2:165：CMakeFiles/person_node.dir/all] 错误 2
gmake[1]: *** 正在等待未完成的任务....
[ 75%] [32m[1mLinking CXX executable cpp_node[0m
[ 75%] Built target cpp_node
gmake: *** [Makefile:146：all] 错误 2
