[0.015s] Invoking command in '/home/zsy/sy_git/ROS2/CHAPT2_WS/build/demo_cpp_pkg': CMAKE_PREFIX_PATH=/opt/ros/humble /usr/bin/cmake --build /home/zsy/sy_git/ROS2/CHAPT2_WS/build/demo_cpp_pkg -- -j4 -l4
[0.044s] -- Found ament_cmake: 1.3.10 (/opt/ros/humble/share/ament_cmake/cmake)
[0.142s] -- Found rclcpp: 16.0.10 (/opt/ros/humble/share/rclcpp/cmake)
[0.179s] -- Found rosidl_generator_c: 3.1.5 (/opt/ros/humble/share/rosidl_generator_c/cmake)
[0.182s] -- Found rosidl_adapter: 3.1.5 (/opt/ros/humble/share/rosidl_adapter/cmake)
[0.190s] -- Found rosidl_generator_cpp: 3.1.5 (/opt/ros/humble/share/rosidl_generator_cpp/cmake)
[0.201s] -- Using all available rosidl_typesupport_c: rosidl_typesupport_fastrtps_c;rosidl_typesupport_introspection_c
[0.214s] -- Using all available rosidl_typesupport_cpp: rosidl_typesupport_fastrtps_cpp;rosidl_typesupport_introspection_cpp
[0.251s] -- Found rmw_implementation_cmake: 6.1.2 (/opt/ros/humble/share/rmw_implementation_cmake/cmake)
[0.254s] -- Found rmw_fastrtps_cpp: 6.2.7 (/opt/ros/humble/share/rmw_fastrtps_cpp/cmake)
[0.319s] -- Found OpenSSL: /usr/lib/x86_64-linux-gnu/libcrypto.so (found version "3.0.2")  
[0.339s] -- Found FastRTPS: /opt/ros/humble/include  
[0.365s] -- Using RMW implementation 'rmw_fastrtps_cpp' as default
[0.374s] -- Looking for pthread.h
[0.460s] -- Looking for pthread.h - found
[0.462s] -- Performing Test CMAKE_HAVE_LIBC_PTHREAD
[0.519s] -- Performing Test CMAKE_HAVE_LIBC_PTHREAD - Success
[0.520s] -- Found Threads: TRUE  
[0.563s] -- Found ament_lint_auto: 0.12.11 (/opt/ros/humble/share/ament_lint_auto/cmake)
[0.613s] -- Added test 'cppcheck' to perform static code analysis on C / C++ code
[0.613s] -- Configured cppcheck include dirs: 
[0.613s] -- Configured cppcheck exclude dirs and/or files: 
[0.614s] -- Added test 'lint_cmake' to check CMake code style
[0.615s] -- Added test 'uncrustify' to check C / C++ code style
[0.615s] -- Configured uncrustify additional arguments: 
[0.616s] -- Added test 'xmllint' to check XML markup files
[0.617s] -- Configuring done
[0.620s] [31mCMake Error at CMakeLists.txt:16 (add_executable):
[0.620s]   Cannot find source file:
[0.620s] 
[0.620s]     src/cpp_person_node.cpp
[0.620s] 
[0.620s]   Tried extensions .c .C .c++ .cc .cpp .cxx .cu .mpp .m .M .mm .ixx .cppm .h
[0.620s]   .hh .h++ .hm .hpp .hxx .in .txx .f .F .for .f77 .f90 .f95 .f03 .hip .ispc
[0.620s] 
[0.620s] [0m
[0.621s] [31mCMake Error at CMakeLists.txt:16 (add_executable):
[0.621s]   No SOURCES given to target: person_node
[0.621s] 
[0.621s] [0m
[0.621s] [0mCMake Generate step failed.  Build files cannot be regenerated correctly.[0m
[0.626s] gmake: *** [Makefile:226：cmake_check_build_system] 错误 1
[0.627s] Invoked command in '/home/zsy/sy_git/ROS2/CHAPT2_WS/build/demo_cpp_pkg' returned '2': CMAKE_PREFIX_PATH=/opt/ros/humble /usr/bin/cmake --build /home/zsy/sy_git/ROS2/CHAPT2_WS/build/demo_cpp_pkg -- -j4 -l4
