[0.010s] Invoking command in '/home/zsy/sy_git/ROS2/CHAPT2_WS/build/demo_cpp_pkg': CMAKE_PREFIX_PATH=/opt/ros/humble /usr/bin/cmake --build /home/zsy/sy_git/ROS2/CHAPT2_WS/build/demo_cpp_pkg -- -j4 -l4
[0.049s] [ 33%] Built target cpp_node
[0.049s] [ 66%] Built target learn_auto
[0.052s] [100%] Built target person_node
[0.135s] Invoked command in '/home/zsy/sy_git/ROS2/CHAPT2_WS/build/demo_cpp_pkg' returned '0': CMAKE_PREFIX_PATH=/opt/ros/humble /usr/bin/cmake --build /home/zsy/sy_git/ROS2/CHAPT2_WS/build/demo_cpp_pkg -- -j4 -l4
[0.163s] Invoking command in '/home/zsy/sy_git/ROS2/CHAPT2_WS/build/demo_cpp_pkg': CMAKE_PREFIX_PATH=/opt/ros/humble /usr/bin/cmake --install /home/zsy/sy_git/ROS2/CHAPT2_WS/build/demo_cpp_pkg
[0.168s] -- Install configuration: ""
[0.168s] -- Up-to-date: /home/zsy/sy_git/ROS2/CHAPT2_WS/install/demo_cpp_pkg/lib/demo_cpp_pkg/cpp_node
[0.170s] -- Up-to-date: /home/zsy/sy_git/ROS2/CHAPT2_WS/install/demo_cpp_pkg/lib/demo_cpp_pkg/person_node
[0.170s] -- Up-to-date: /home/zsy/sy_git/ROS2/CHAPT2_WS/install/demo_cpp_pkg/lib/demo_cpp_pkg/learn_auto
[0.170s] -- Up-to-date: /home/zsy/sy_git/ROS2/CHAPT2_WS/install/demo_cpp_pkg/share/ament_index/resource_index/package_run_dependencies/demo_cpp_pkg
[0.170s] -- Up-to-date: /home/zsy/sy_git/ROS2/CHAPT2_WS/install/demo_cpp_pkg/share/ament_index/resource_index/parent_prefix_path/demo_cpp_pkg
[0.170s] -- Up-to-date: /home/zsy/sy_git/ROS2/CHAPT2_WS/install/demo_cpp_pkg/share/demo_cpp_pkg/environment/ament_prefix_path.sh
[0.170s] -- Up-to-date: /home/zsy/sy_git/ROS2/CHAPT2_WS/install/demo_cpp_pkg/share/demo_cpp_pkg/environment/ament_prefix_path.dsv
[0.170s] -- Up-to-date: /home/zsy/sy_git/ROS2/CHAPT2_WS/install/demo_cpp_pkg/share/demo_cpp_pkg/environment/path.sh
[0.170s] -- Up-to-date: /home/zsy/sy_git/ROS2/CHAPT2_WS/install/demo_cpp_pkg/share/demo_cpp_pkg/environment/path.dsv
[0.170s] -- Up-to-date: /home/zsy/sy_git/ROS2/CHAPT2_WS/install/demo_cpp_pkg/share/demo_cpp_pkg/local_setup.bash
[0.170s] -- Up-to-date: /home/zsy/sy_git/ROS2/CHAPT2_WS/install/demo_cpp_pkg/share/demo_cpp_pkg/local_setup.sh
[0.170s] -- Up-to-date: /home/zsy/sy_git/ROS2/CHAPT2_WS/install/demo_cpp_pkg/share/demo_cpp_pkg/local_setup.zsh
[0.170s] -- Up-to-date: /home/zsy/sy_git/ROS2/CHAPT2_WS/install/demo_cpp_pkg/share/demo_cpp_pkg/local_setup.dsv
[0.170s] -- Installing: /home/zsy/sy_git/ROS2/CHAPT2_WS/install/demo_cpp_pkg/share/demo_cpp_pkg/package.dsv
[0.170s] -- Up-to-date: /home/zsy/sy_git/ROS2/CHAPT2_WS/install/demo_cpp_pkg/share/ament_index/resource_index/packages/demo_cpp_pkg
[0.170s] -- Up-to-date: /home/zsy/sy_git/ROS2/CHAPT2_WS/install/demo_cpp_pkg/share/demo_cpp_pkg/cmake/demo_cpp_pkgConfig.cmake
[0.170s] -- Up-to-date: /home/zsy/sy_git/ROS2/CHAPT2_WS/install/demo_cpp_pkg/share/demo_cpp_pkg/cmake/demo_cpp_pkgConfig-version.cmake
[0.170s] -- Up-to-date: /home/zsy/sy_git/ROS2/CHAPT2_WS/install/demo_cpp_pkg/share/demo_cpp_pkg/package.xml
[0.171s] Invoked command in '/home/zsy/sy_git/ROS2/CHAPT2_WS/build/demo_cpp_pkg' returned '0': CMAKE_PREFIX_PATH=/opt/ros/humble /usr/bin/cmake --install /home/zsy/sy_git/ROS2/CHAPT2_WS/build/demo_cpp_pkg
