[0.332s] Invoking command in '/home/zsy/sy_git/ROS2/CHAPT2_WS/demo_python_pkg': PYTHONPATH=/home/zsy/sy_git/ROS2/CHAPT2_WS/build/demo_python_pkg/prefix_override:/usr/lib/python3/dist-packages/colcon_core/task/python/colcon_distutils_commands:/home/zsy/sy_git/ROS2/CHAPT2_WS/install/demo_python_pkg/lib/python3.10/site-packages:${PYTHONPATH} /usr/bin/python3 -W ignore:setup.py install is deprecated setup.py egg_info --egg-base ../build/demo_python_pkg build --build-base /home/zsy/sy_git/ROS2/CHAPT2_WS/build/demo_python_pkg/build install --record /home/zsy/sy_git/ROS2/CHAPT2_WS/build/demo_python_pkg/install.log --single-version-externally-managed install_data
[0.446s] running egg_info
[0.446s] creating ../build/demo_python_pkg/demo_python_pkg.egg-info
[0.446s] writing ../build/demo_python_pkg/demo_python_pkg.egg-info/PKG-INFO
[0.446s] writing dependency_links to ../build/demo_python_pkg/demo_python_pkg.egg-info/dependency_links.txt
[0.446s] writing entry points to ../build/demo_python_pkg/demo_python_pkg.egg-info/entry_points.txt
[0.446s] writing requirements to ../build/demo_python_pkg/demo_python_pkg.egg-info/requires.txt
[0.446s] writing top-level names to ../build/demo_python_pkg/demo_python_pkg.egg-info/top_level.txt
[0.446s] writing manifest file '../build/demo_python_pkg/demo_python_pkg.egg-info/SOURCES.txt'
[0.446s] reading manifest file '../build/demo_python_pkg/demo_python_pkg.egg-info/SOURCES.txt'
[0.446s] adding license file 'LICENSE'
[0.446s] writing manifest file '../build/demo_python_pkg/demo_python_pkg.egg-info/SOURCES.txt'
[0.447s] running build
[0.447s] running build_py
[0.447s] creating /home/zsy/sy_git/ROS2/CHAPT2_WS/build/demo_python_pkg/build
[0.447s] creating /home/zsy/sy_git/ROS2/CHAPT2_WS/build/demo_python_pkg/build/lib
[0.447s] creating /home/zsy/sy_git/ROS2/CHAPT2_WS/build/demo_python_pkg/build/lib/demo_python_pkg
[0.447s] copying demo_python_pkg/__init__.py -> /home/zsy/sy_git/ROS2/CHAPT2_WS/build/demo_python_pkg/build/lib/demo_python_pkg
[0.447s] copying demo_python_pkg/python_node.py -> /home/zsy/sy_git/ROS2/CHAPT2_WS/build/demo_python_pkg/build/lib/demo_python_pkg
[0.447s] running install
[0.447s] running install_lib
[0.450s] creating /home/zsy/sy_git/ROS2/CHAPT2_WS/install/demo_python_pkg/lib/python3.10/site-packages/demo_python_pkg
[0.451s] copying /home/zsy/sy_git/ROS2/CHAPT2_WS/build/demo_python_pkg/build/lib/demo_python_pkg/__init__.py -> /home/zsy/sy_git/ROS2/CHAPT2_WS/install/demo_python_pkg/lib/python3.10/site-packages/demo_python_pkg
[0.451s] copying /home/zsy/sy_git/ROS2/CHAPT2_WS/build/demo_python_pkg/build/lib/demo_python_pkg/python_node.py -> /home/zsy/sy_git/ROS2/CHAPT2_WS/install/demo_python_pkg/lib/python3.10/site-packages/demo_python_pkg
[0.451s] byte-compiling /home/zsy/sy_git/ROS2/CHAPT2_WS/install/demo_python_pkg/lib/python3.10/site-packages/demo_python_pkg/__init__.py to __init__.cpython-310.pyc
[0.451s] byte-compiling /home/zsy/sy_git/ROS2/CHAPT2_WS/install/demo_python_pkg/lib/python3.10/site-packages/demo_python_pkg/python_node.py to python_node.cpython-310.pyc
[0.451s] running install_data
[0.451s] creating /home/zsy/sy_git/ROS2/CHAPT2_WS/install/demo_python_pkg/share/ament_index
[0.451s] creating /home/zsy/sy_git/ROS2/CHAPT2_WS/install/demo_python_pkg/share/ament_index/resource_index
[0.451s] creating /home/zsy/sy_git/ROS2/CHAPT2_WS/install/demo_python_pkg/share/ament_index/resource_index/packages
[0.451s] copying resource/demo_python_pkg -> /home/zsy/sy_git/ROS2/CHAPT2_WS/install/demo_python_pkg/share/ament_index/resource_index/packages
[0.451s] copying package.xml -> /home/zsy/sy_git/ROS2/CHAPT2_WS/install/demo_python_pkg/share/demo_python_pkg
[0.451s] running install_egg_info
[0.451s] Copying ../build/demo_python_pkg/demo_python_pkg.egg-info to /home/zsy/sy_git/ROS2/CHAPT2_WS/install/demo_python_pkg/lib/python3.10/site-packages/demo_python_pkg-0.0.0-py3.10.egg-info
[0.451s] running install_scripts
[0.462s] Installing python_node script to /home/zsy/sy_git/ROS2/CHAPT2_WS/install/demo_python_pkg/lib/demo_python_pkg
[0.462s] writing list of installed files to '/home/zsy/sy_git/ROS2/CHAPT2_WS/build/demo_python_pkg/install.log'
[0.473s] Invoked command in '/home/zsy/sy_git/ROS2/CHAPT2_WS/demo_python_pkg' returned '0': PYTHONPATH=/home/zsy/sy_git/ROS2/CHAPT2_WS/build/demo_python_pkg/prefix_override:/usr/lib/python3/dist-packages/colcon_core/task/python/colcon_distutils_commands:/home/zsy/sy_git/ROS2/CHAPT2_WS/install/demo_python_pkg/lib/python3.10/site-packages:${PYTHONPATH} /usr/bin/python3 -W ignore:setup.py install is deprecated setup.py egg_info --egg-base ../build/demo_python_pkg build --build-base /home/zsy/sy_git/ROS2/CHAPT2_WS/build/demo_python_pkg/build install --record /home/zsy/sy_git/ROS2/CHAPT2_WS/build/demo_python_pkg/install.log --single-version-externally-managed install_data
