[0.352s] Invoking command in '/home/zsy/sy_git/ROS2/CHAPT2_WS/demo_python_pkg': PYTHONPATH=/home/zsy/sy_git/ROS2/CHAPT2_WS/build/demo_python_pkg/prefix_override:/usr/lib/python3/dist-packages/colcon_core/task/python/colcon_distutils_commands:/home/zsy/sy_git/ROS2/CHAPT2_WS/install/demo_python_pkg/lib/python3.10/site-packages:${PYTHONPATH} /usr/bin/python3 -W ignore:setup.py install is deprecated setup.py egg_info --egg-base ../build/demo_python_pkg build --build-base /home/zsy/sy_git/ROS2/CHAPT2_WS/build/demo_python_pkg/build install --record /home/zsy/sy_git/ROS2/CHAPT2_WS/build/demo_python_pkg/install.log --single-version-externally-managed install_data
[0.471s] running egg_info
[0.471s] writing ../build/demo_python_pkg/demo_python_pkg.egg-info/PKG-INFO
[0.472s] writing dependency_links to ../build/demo_python_pkg/demo_python_pkg.egg-info/dependency_links.txt
[0.472s] writing entry points to ../build/demo_python_pkg/demo_python_pkg.egg-info/entry_points.txt
[0.472s] writing requirements to ../build/demo_python_pkg/demo_python_pkg.egg-info/requires.txt
[0.472s] writing top-level names to ../build/demo_python_pkg/demo_python_pkg.egg-info/top_level.txt
[0.473s] reading manifest file '../build/demo_python_pkg/demo_python_pkg.egg-info/SOURCES.txt'
[0.474s] adding license file 'LICENSE'
[0.474s] writing manifest file '../build/demo_python_pkg/demo_python_pkg.egg-info/SOURCES.txt'
[0.474s] running build
[0.474s] running build_py
[0.474s] copying demo_python_pkg/person_node.py -> /home/zsy/sy_git/ROS2/CHAPT2_WS/build/demo_python_pkg/build/lib/demo_python_pkg
[0.475s] running install
[0.475s] running install_lib
[0.475s] copying /home/zsy/sy_git/ROS2/CHAPT2_WS/build/demo_python_pkg/build/lib/demo_python_pkg/person_node.py -> /home/zsy/sy_git/ROS2/CHAPT2_WS/install/demo_python_pkg/lib/python3.10/site-packages/demo_python_pkg
[0.475s] byte-compiling /home/zsy/sy_git/ROS2/CHAPT2_WS/install/demo_python_pkg/lib/python3.10/site-packages/demo_python_pkg/person_node.py to person_node.cpython-310.pyc
[0.476s] running install_data
[0.476s] running install_egg_info
[0.477s] removing '/home/zsy/sy_git/ROS2/CHAPT2_WS/install/demo_python_pkg/lib/python3.10/site-packages/demo_python_pkg-0.0.0-py3.10.egg-info' (and everything under it)
[0.477s] Copying ../build/demo_python_pkg/demo_python_pkg.egg-info to /home/zsy/sy_git/ROS2/CHAPT2_WS/install/demo_python_pkg/lib/python3.10/site-packages/demo_python_pkg-0.0.0-py3.10.egg-info
[0.478s] running install_scripts
[0.491s] Installing person_node0 script to /home/zsy/sy_git/ROS2/CHAPT2_WS/install/demo_python_pkg/lib/demo_python_pkg
[0.491s] Installing python_node script to /home/zsy/sy_git/ROS2/CHAPT2_WS/install/demo_python_pkg/lib/demo_python_pkg
[0.491s] Installing writer_node1 script to /home/zsy/sy_git/ROS2/CHAPT2_WS/install/demo_python_pkg/lib/demo_python_pkg
[0.494s] writing list of installed files to '/home/zsy/sy_git/ROS2/CHAPT2_WS/build/demo_python_pkg/install.log'
[0.506s] Invoked command in '/home/zsy/sy_git/ROS2/CHAPT2_WS/demo_python_pkg' returned '0': PYTHONPATH=/home/zsy/sy_git/ROS2/CHAPT2_WS/build/demo_python_pkg/prefix_override:/usr/lib/python3/dist-packages/colcon_core/task/python/colcon_distutils_commands:/home/zsy/sy_git/ROS2/CHAPT2_WS/install/demo_python_pkg/lib/python3.10/site-packages:${PYTHONPATH} /usr/bin/python3 -W ignore:setup.py install is deprecated setup.py egg_info --egg-base ../build/demo_python_pkg build --build-base /home/zsy/sy_git/ROS2/CHAPT2_WS/build/demo_python_pkg/build install --record /home/zsy/sy_git/ROS2/CHAPT2_WS/build/demo_python_pkg/install.log --single-version-externally-managed install_data
