[0.010s] Invoking command in '/home/zsy/sy_git/ROS2/CHAPT2_WS/build/demo_cpp_pkg': CMAKE_PREFIX_PATH=/opt/ros/humble /usr/bin/cmake --build /home/zsy/sy_git/ROS2/CHAPT2_WS/build/demo_cpp_pkg -- -j4 -l4
[0.039s] -- Found ament_cmake: 1.3.10 (/opt/ros/humble/share/ament_cmake/cmake)
[0.134s] -- Found rclcpp: 16.0.10 (/opt/ros/humble/share/rclcpp/cmake)
[0.169s] -- Found rosidl_generator_c: 3.1.5 (/opt/ros/humble/share/rosidl_generator_c/cmake)
[0.171s] -- Found rosidl_adapter: 3.1.5 (/opt/ros/humble/share/rosidl_adapter/cmake)
[0.178s] -- Found rosidl_generator_cpp: 3.1.5 (/opt/ros/humble/share/rosidl_generator_cpp/cmake)
[0.188s] -- Using all available rosidl_typesupport_c: rosidl_typesupport_fastrtps_c;rosidl_typesupport_introspection_c
[0.199s] -- Using all available rosidl_typesupport_cpp: rosidl_typesupport_fastrtps_cpp;rosidl_typesupport_introspection_cpp
[0.231s] -- Found rmw_implementation_cmake: 6.1.2 (/opt/ros/humble/share/rmw_implementation_cmake/cmake)
[0.233s] -- Found rmw_fastrtps_cpp: 6.2.7 (/opt/ros/humble/share/rmw_fastrtps_cpp/cmake)
[0.309s] -- Using RMW implementation 'rmw_fastrtps_cpp' as default
[0.352s] -- Found ament_lint_auto: 0.12.11 (/opt/ros/humble/share/ament_lint_auto/cmake)
[0.406s] -- Added test 'cppcheck' to perform static code analysis on C / C++ code
[0.406s] -- Configured cppcheck include dirs: 
[0.406s] -- Configured cppcheck exclude dirs and/or files: 
[0.407s] -- Added test 'lint_cmake' to check CMake code style
[0.408s] -- Added test 'uncrustify' to check C / C++ code style
[0.408s] -- Configured uncrustify additional arguments: 
[0.409s] -- Added test 'xmllint' to check XML markup files
[0.411s] -- Configuring done
[0.429s] -- Generating done
[0.429s] -- Build files have been written to: /home/zsy/sy_git/ROS2/CHAPT2_WS/build/demo_cpp_pkg
[0.451s] [35m[1mConsolidate compiler generated dependencies of target person_node[0m
[0.454s] [35m[1mConsolidate compiler generated dependencies of target cpp_node[0m
[0.461s] [ 16%] [32mBuilding CXX object CMakeFiles/learn_auto.dir/src/learn_auto.cpp.o[0m
[0.469s] [ 33%] [32mBuilding CXX object CMakeFiles/person_node.dir/src/person_node.cpp.o[0m
[0.475s] [ 66%] Built target cpp_node
[0.643s] [ 83%] [32m[1mLinking CXX executable learn_auto[0m
[0.702s] [ 83%] Built target learn_auto
[2.471s] [100%] [32m[1mLinking CXX executable person_node[0m
[2.550s] [100%] Built target person_node
[2.560s] Invoked command in '/home/zsy/sy_git/ROS2/CHAPT2_WS/build/demo_cpp_pkg' returned '0': CMAKE_PREFIX_PATH=/opt/ros/humble /usr/bin/cmake --build /home/zsy/sy_git/ROS2/CHAPT2_WS/build/demo_cpp_pkg -- -j4 -l4
[2.589s] Invoking command in '/home/zsy/sy_git/ROS2/CHAPT2_WS/build/demo_cpp_pkg': CMAKE_PREFIX_PATH=/opt/ros/humble /usr/bin/cmake --install /home/zsy/sy_git/ROS2/CHAPT2_WS/build/demo_cpp_pkg
[2.595s] -- Install configuration: ""
[2.595s] -- Up-to-date: /home/zsy/sy_git/ROS2/CHAPT2_WS/install/demo_cpp_pkg/lib/demo_cpp_pkg/cpp_node
[2.595s] -- Installing: /home/zsy/sy_git/ROS2/CHAPT2_WS/install/demo_cpp_pkg/lib/demo_cpp_pkg/person_node
[2.597s] -- Set runtime path of "/home/zsy/sy_git/ROS2/CHAPT2_WS/install/demo_cpp_pkg/lib/demo_cpp_pkg/person_node" to ""
[2.597s] -- Installing: /home/zsy/sy_git/ROS2/CHAPT2_WS/install/demo_cpp_pkg/lib/demo_cpp_pkg/learn_auto
[2.597s] -- Up-to-date: /home/zsy/sy_git/ROS2/CHAPT2_WS/install/demo_cpp_pkg/share/ament_index/resource_index/package_run_dependencies/demo_cpp_pkg
[2.597s] -- Up-to-date: /home/zsy/sy_git/ROS2/CHAPT2_WS/install/demo_cpp_pkg/share/ament_index/resource_index/parent_prefix_path/demo_cpp_pkg
[2.597s] -- Up-to-date: /home/zsy/sy_git/ROS2/CHAPT2_WS/install/demo_cpp_pkg/share/demo_cpp_pkg/environment/ament_prefix_path.sh
[2.597s] -- Installing: /home/zsy/sy_git/ROS2/CHAPT2_WS/install/demo_cpp_pkg/share/demo_cpp_pkg/environment/ament_prefix_path.dsv
[2.597s] -- Up-to-date: /home/zsy/sy_git/ROS2/CHAPT2_WS/install/demo_cpp_pkg/share/demo_cpp_pkg/environment/path.sh
[2.597s] -- Installing: /home/zsy/sy_git/ROS2/CHAPT2_WS/install/demo_cpp_pkg/share/demo_cpp_pkg/environment/path.dsv
[2.597s] -- Up-to-date: /home/zsy/sy_git/ROS2/CHAPT2_WS/install/demo_cpp_pkg/share/demo_cpp_pkg/local_setup.bash
[2.597s] -- Up-to-date: /home/zsy/sy_git/ROS2/CHAPT2_WS/install/demo_cpp_pkg/share/demo_cpp_pkg/local_setup.sh
[2.597s] -- Up-to-date: /home/zsy/sy_git/ROS2/CHAPT2_WS/install/demo_cpp_pkg/share/demo_cpp_pkg/local_setup.zsh
[2.597s] -- Installing: /home/zsy/sy_git/ROS2/CHAPT2_WS/install/demo_cpp_pkg/share/demo_cpp_pkg/local_setup.dsv
[2.597s] -- Installing: /home/zsy/sy_git/ROS2/CHAPT2_WS/install/demo_cpp_pkg/share/demo_cpp_pkg/package.dsv
[2.597s] -- Up-to-date: /home/zsy/sy_git/ROS2/CHAPT2_WS/install/demo_cpp_pkg/share/ament_index/resource_index/packages/demo_cpp_pkg
[2.597s] -- Up-to-date: /home/zsy/sy_git/ROS2/CHAPT2_WS/install/demo_cpp_pkg/share/demo_cpp_pkg/cmake/demo_cpp_pkgConfig.cmake
[2.597s] -- Up-to-date: /home/zsy/sy_git/ROS2/CHAPT2_WS/install/demo_cpp_pkg/share/demo_cpp_pkg/cmake/demo_cpp_pkgConfig-version.cmake
[2.597s] -- Up-to-date: /home/zsy/sy_git/ROS2/CHAPT2_WS/install/demo_cpp_pkg/share/demo_cpp_pkg/package.xml
[2.598s] Invoked command in '/home/zsy/sy_git/ROS2/CHAPT2_WS/build/demo_cpp_pkg' returned '0': CMAKE_PREFIX_PATH=/opt/ros/humble /usr/bin/cmake --install /home/zsy/sy_git/ROS2/CHAPT2_WS/build/demo_cpp_pkg
