[0.438s] Invoking command in '/home/zsy/sy_git/ROS2/CHAPT2_WS/demo_python_pkg': PYTHONPATH=/home/zsy/sy_git/ROS2/CHAPT2_WS/build/demo_python_pkg/prefix_override:/usr/lib/python3/dist-packages/colcon_core/task/python/colcon_distutils_commands:/home/zsy/sy_git/ROS2/CHAPT2_WS/install/demo_python_pkg/lib/python3.10/site-packages:${PYTHONPATH} /usr/bin/python3 -W ignore:setup.py install is deprecated setup.py egg_info --egg-base ../build/demo_python_pkg build --build-base /home/zsy/sy_git/ROS2/CHAPT2_WS/build/demo_python_pkg/build install --record /home/zsy/sy_git/ROS2/CHAPT2_WS/build/demo_python_pkg/install.log --single-version-externally-managed install_data
[0.557s] running egg_info
[0.557s] writing ../build/demo_python_pkg/demo_python_pkg.egg-info/PKG-INFO
[0.558s] writing dependency_links to ../build/demo_python_pkg/demo_python_pkg.egg-info/dependency_links.txt
[0.558s] writing entry points to ../build/demo_python_pkg/demo_python_pkg.egg-info/entry_points.txt
[0.558s] writing requirements to ../build/demo_python_pkg/demo_python_pkg.egg-info/requires.txt
[0.560s] writing top-level names to ../build/demo_python_pkg/demo_python_pkg.egg-info/top_level.txt
[0.560s] reading manifest file '../build/demo_python_pkg/demo_python_pkg.egg-info/SOURCES.txt'
[0.561s] adding license file 'LICENSE'
[0.561s] writing manifest file '../build/demo_python_pkg/demo_python_pkg.egg-info/SOURCES.txt'
[0.561s] running build
[0.561s] running build_py
[0.562s] running install
[0.562s] running install_lib
[0.565s] running install_data
[0.565s] running install_egg_info
[0.565s] removing '/home/zsy/sy_git/ROS2/CHAPT2_WS/install/demo_python_pkg/lib/python3.10/site-packages/demo_python_pkg-0.0.0-py3.10.egg-info' (and everything under it)
[0.565s] Copying ../build/demo_python_pkg/demo_python_pkg.egg-info to /home/zsy/sy_git/ROS2/CHAPT2_WS/install/demo_python_pkg/lib/python3.10/site-packages/demo_python_pkg-0.0.0-py3.10.egg-info
[0.566s] running install_scripts
[0.588s] Installing person_node0 script to /home/zsy/sy_git/ROS2/CHAPT2_WS/install/demo_python_pkg/lib/demo_python_pkg
[0.588s] Installing python_node script to /home/zsy/sy_git/ROS2/CHAPT2_WS/install/demo_python_pkg/lib/demo_python_pkg
[0.588s] Installing writer_node1 script to /home/zsy/sy_git/ROS2/CHAPT2_WS/install/demo_python_pkg/lib/demo_python_pkg
[0.588s] writing list of installed files to '/home/zsy/sy_git/ROS2/CHAPT2_WS/build/demo_python_pkg/install.log'
[0.601s] Invoked command in '/home/zsy/sy_git/ROS2/CHAPT2_WS/demo_python_pkg' returned '0': PYTHONPATH=/home/zsy/sy_git/ROS2/CHAPT2_WS/build/demo_python_pkg/prefix_override:/usr/lib/python3/dist-packages/colcon_core/task/python/colcon_distutils_commands:/home/zsy/sy_git/ROS2/CHAPT2_WS/install/demo_python_pkg/lib/python3.10/site-packages:${PYTHONPATH} /usr/bin/python3 -W ignore:setup.py install is deprecated setup.py egg_info --egg-base ../build/demo_python_pkg build --build-base /home/zsy/sy_git/ROS2/CHAPT2_WS/build/demo_python_pkg/build install --record /home/zsy/sy_git/ROS2/CHAPT2_WS/build/demo_python_pkg/install.log --single-version-externally-managed install_data
