[0.012s] Invoking command in '/home/zsy/sy_git/ROS2/CHAPT2_WS/build/demo_cpp_pkg': CMAKE_PREFIX_PATH=${CMAKE_PREFIX_PATH}:/home/zsy/sy_git/ROS2/CHAPT2_WS/install/demo_python_pkg:/opt/ros/humble /usr/bin/cmake --build /home/zsy/sy_git/ROS2/CHAPT2_WS/build/demo_cpp_pkg -- -j4 -l4
[0.137s] Invoked command in '/home/zsy/sy_git/ROS2/CHAPT2_WS/build/demo_cpp_pkg' returned '0': CMAKE_PREFIX_PATH=${CMAKE_PREFIX_PATH}:/home/zsy/sy_git/ROS2/CHAPT2_WS/install/demo_python_pkg:/opt/ros/humble /usr/bin/cmake --build /home/zsy/sy_git/ROS2/CHAPT2_WS/build/demo_cpp_pkg -- -j4 -l4
[0.160s] Invoking command in '/home/zsy/sy_git/ROS2/CHAPT2_WS/build/demo_cpp_pkg': CMAKE_PREFIX_PATH=${CMAKE_PREFIX_PATH}:/home/zsy/sy_git/ROS2/CHAPT2_WS/install/demo_python_pkg:/opt/ros/humble /usr/bin/cmake --install /home/zsy/sy_git/ROS2/CHAPT2_WS/build/demo_cpp_pkg
[0.165s] -- Install configuration: ""
[0.165s] -- Up-to-date: /home/zsy/sy_git/ROS2/CHAPT2_WS/install/demo_cpp_pkg/share/ament_index/resource_index/package_run_dependencies/demo_cpp_pkg
[0.165s] -- Up-to-date: /home/zsy/sy_git/ROS2/CHAPT2_WS/install/demo_cpp_pkg/share/ament_index/resource_index/parent_prefix_path/demo_cpp_pkg
[0.165s] -- Up-to-date: /home/zsy/sy_git/ROS2/CHAPT2_WS/install/demo_cpp_pkg/share/demo_cpp_pkg/environment/ament_prefix_path.sh
[0.165s] -- Up-to-date: /home/zsy/sy_git/ROS2/CHAPT2_WS/install/demo_cpp_pkg/share/demo_cpp_pkg/environment/ament_prefix_path.dsv
[0.165s] -- Up-to-date: /home/zsy/sy_git/ROS2/CHAPT2_WS/install/demo_cpp_pkg/share/demo_cpp_pkg/environment/path.sh
[0.166s] -- Up-to-date: /home/zsy/sy_git/ROS2/CHAPT2_WS/install/demo_cpp_pkg/share/demo_cpp_pkg/environment/path.dsv
[0.166s] -- Up-to-date: /home/zsy/sy_git/ROS2/CHAPT2_WS/install/demo_cpp_pkg/share/demo_cpp_pkg/local_setup.bash
[0.166s] -- Up-to-date: /home/zsy/sy_git/ROS2/CHAPT2_WS/install/demo_cpp_pkg/share/demo_cpp_pkg/local_setup.sh
[0.166s] -- Up-to-date: /home/zsy/sy_git/ROS2/CHAPT2_WS/install/demo_cpp_pkg/share/demo_cpp_pkg/local_setup.zsh
[0.166s] -- Up-to-date: /home/zsy/sy_git/ROS2/CHAPT2_WS/install/demo_cpp_pkg/share/demo_cpp_pkg/local_setup.dsv
[0.166s] -- Installing: /home/zsy/sy_git/ROS2/CHAPT2_WS/install/demo_cpp_pkg/share/demo_cpp_pkg/package.dsv
[0.166s] -- Up-to-date: /home/zsy/sy_git/ROS2/CHAPT2_WS/install/demo_cpp_pkg/share/ament_index/resource_index/packages/demo_cpp_pkg
[0.166s] -- Up-to-date: /home/zsy/sy_git/ROS2/CHAPT2_WS/install/demo_cpp_pkg/share/demo_cpp_pkg/cmake/demo_cpp_pkgConfig.cmake
[0.166s] -- Up-to-date: /home/zsy/sy_git/ROS2/CHAPT2_WS/install/demo_cpp_pkg/share/demo_cpp_pkg/cmake/demo_cpp_pkgConfig-version.cmake
[0.166s] -- Up-to-date: /home/zsy/sy_git/ROS2/CHAPT2_WS/install/demo_cpp_pkg/share/demo_cpp_pkg/package.xml
[0.168s] Invoked command in '/home/zsy/sy_git/ROS2/CHAPT2_WS/build/demo_cpp_pkg' returned '0': CMAKE_PREFIX_PATH=${CMAKE_PREFIX_PATH}:/home/zsy/sy_git/ROS2/CHAPT2_WS/install/demo_python_pkg:/opt/ros/humble /usr/bin/cmake --install /home/zsy/sy_git/ROS2/CHAPT2_WS/build/demo_cpp_pkg
