[0.010s] Invoking command in '/home/zsy/sy_git/ROS2/CHAPT2_WS/build/demo_cpp_pkg': CMAKE_PREFIX_PATH=/opt/ros/humble /usr/bin/cmake /home/zsy/sy_git/ROS2/CHAPT2_WS/demo_cpp_pkg -DCMAKE_INSTALL_PREFIX=/home/zsy/sy_git/ROS2/CHAPT2_WS/install/demo_cpp_pkg
[0.089s] -- The C compiler identification is GNU 11.4.0
[0.155s] -- The CXX compiler identification is GNU 11.4.0
[0.165s] -- Detecting C compiler ABI info
[0.217s] -- Detecting C compiler ABI info - done
[0.220s] -- Check for working C compiler: /usr/bin/cc - skipped
[0.221s] -- Detecting C compile features
[0.221s] -- Detecting C compile features - done
[0.224s] -- Detecting CXX compiler ABI info
[0.285s] -- Detecting CXX compiler ABI info - done
[0.287s] -- Check for working CXX compiler: /usr/bin/c++ - skipped
[0.287s] -- Detecting CXX compile features
[0.288s] -- Detecting CXX compile features - done
[0.292s] -- Found ament_cmake: 1.3.10 (/opt/ros/humble/share/ament_cmake/cmake)
[0.386s] -- Found Python3: /usr/bin/python3 (found version "3.10.12") found components: Interpreter 
[0.460s] -- Found ament_lint_auto: 0.12.11 (/opt/ros/humble/share/ament_lint_auto/cmake)
[0.520s] -- Added test 'cppcheck' to perform static code analysis on C / C++ code
[0.520s] -- Configured cppcheck include dirs: 
[0.520s] -- Configured cppcheck exclude dirs and/or files: 
[0.520s] -- Added test 'lint_cmake' to check CMake code style
[0.522s] -- Added test 'uncrustify' to check C / C++ code style
[0.522s] -- Configured uncrustify additional arguments: 
[0.523s] -- Added test 'xmllint' to check XML markup files
[0.524s] -- Configuring done
[0.527s] -- Generating done
[0.528s] -- Build files have been written to: /home/zsy/sy_git/ROS2/CHAPT2_WS/build/demo_cpp_pkg
[0.532s] Invoked command in '/home/zsy/sy_git/ROS2/CHAPT2_WS/build/demo_cpp_pkg' returned '0': CMAKE_PREFIX_PATH=/opt/ros/humble /usr/bin/cmake /home/zsy/sy_git/ROS2/CHAPT2_WS/demo_cpp_pkg -DCMAKE_INSTALL_PREFIX=/home/zsy/sy_git/ROS2/CHAPT2_WS/install/demo_cpp_pkg
[0.532s] Invoking command in '/home/zsy/sy_git/ROS2/CHAPT2_WS/build/demo_cpp_pkg': CMAKE_PREFIX_PATH=/opt/ros/humble /usr/bin/cmake --build /home/zsy/sy_git/ROS2/CHAPT2_WS/build/demo_cpp_pkg -- -j4 -l4
[0.559s] Invoked command in '/home/zsy/sy_git/ROS2/CHAPT2_WS/build/demo_cpp_pkg' returned '0': CMAKE_PREFIX_PATH=/opt/ros/humble /usr/bin/cmake --build /home/zsy/sy_git/ROS2/CHAPT2_WS/build/demo_cpp_pkg -- -j4 -l4
[0.580s] Invoking command in '/home/zsy/sy_git/ROS2/CHAPT2_WS/build/demo_cpp_pkg': CMAKE_PREFIX_PATH=/opt/ros/humble /usr/bin/cmake --install /home/zsy/sy_git/ROS2/CHAPT2_WS/build/demo_cpp_pkg
[0.585s] -- Install configuration: ""
[0.585s] -- Installing: /home/zsy/sy_git/ROS2/CHAPT2_WS/install/demo_cpp_pkg/share/ament_index/resource_index/package_run_dependencies/demo_cpp_pkg
[0.585s] -- Installing: /home/zsy/sy_git/ROS2/CHAPT2_WS/install/demo_cpp_pkg/share/ament_index/resource_index/parent_prefix_path/demo_cpp_pkg
[0.587s] -- Installing: /home/zsy/sy_git/ROS2/CHAPT2_WS/install/demo_cpp_pkg/share/demo_cpp_pkg/environment/ament_prefix_path.sh
[0.587s] -- Installing: /home/zsy/sy_git/ROS2/CHAPT2_WS/install/demo_cpp_pkg/share/demo_cpp_pkg/environment/ament_prefix_path.dsv
[0.587s] -- Installing: /home/zsy/sy_git/ROS2/CHAPT2_WS/install/demo_cpp_pkg/share/demo_cpp_pkg/environment/path.sh
[0.587s] -- Installing: /home/zsy/sy_git/ROS2/CHAPT2_WS/install/demo_cpp_pkg/share/demo_cpp_pkg/environment/path.dsv
[0.587s] -- Installing: /home/zsy/sy_git/ROS2/CHAPT2_WS/install/demo_cpp_pkg/share/demo_cpp_pkg/local_setup.bash
[0.587s] -- Installing: /home/zsy/sy_git/ROS2/CHAPT2_WS/install/demo_cpp_pkg/share/demo_cpp_pkg/local_setup.sh
[0.587s] -- Installing: /home/zsy/sy_git/ROS2/CHAPT2_WS/install/demo_cpp_pkg/share/demo_cpp_pkg/local_setup.zsh
[0.587s] -- Installing: /home/zsy/sy_git/ROS2/CHAPT2_WS/install/demo_cpp_pkg/share/demo_cpp_pkg/local_setup.dsv
[0.587s] -- Installing: /home/zsy/sy_git/ROS2/CHAPT2_WS/install/demo_cpp_pkg/share/demo_cpp_pkg/package.dsv
[0.587s] -- Installing: /home/zsy/sy_git/ROS2/CHAPT2_WS/install/demo_cpp_pkg/share/ament_index/resource_index/packages/demo_cpp_pkg
[0.587s] -- Installing: /home/zsy/sy_git/ROS2/CHAPT2_WS/install/demo_cpp_pkg/share/demo_cpp_pkg/cmake/demo_cpp_pkgConfig.cmake
[0.587s] -- Installing: /home/zsy/sy_git/ROS2/CHAPT2_WS/install/demo_cpp_pkg/share/demo_cpp_pkg/cmake/demo_cpp_pkgConfig-version.cmake
[0.587s] -- Installing: /home/zsy/sy_git/ROS2/CHAPT2_WS/install/demo_cpp_pkg/share/demo_cpp_pkg/package.xml
[0.589s] Invoked command in '/home/zsy/sy_git/ROS2/CHAPT2_WS/build/demo_cpp_pkg' returned '0': CMAKE_PREFIX_PATH=/opt/ros/humble /usr/bin/cmake --install /home/zsy/sy_git/ROS2/CHAPT2_WS/build/demo_cpp_pkg
