[0.287s] Invoking command in '/home/zsy/sy_git/ROS2/CHAPT2_WS/demo_python_pkg': PYTHONPATH=/home/zsy/sy_git/ROS2/CHAPT2_WS/build/demo_python_pkg/prefix_override:/usr/lib/python3/dist-packages/colcon_core/task/python/colcon_distutils_commands:/home/zsy/sy_git/ROS2/CHAPT2_WS/install/demo_python_pkg/lib/python3.10/site-packages:${PYTHONPATH} /usr/bin/python3 -W ignore:setup.py install is deprecated setup.py egg_info --egg-base ../build/demo_python_pkg build --build-base /home/zsy/sy_git/ROS2/CHAPT2_WS/build/demo_python_pkg/build install --record /home/zsy/sy_git/ROS2/CHAPT2_WS/build/demo_python_pkg/install.log --single-version-externally-managed install_data
[0.397s] running egg_info
[0.398s] writing ../build/demo_python_pkg/demo_python_pkg.egg-info/PKG-INFO
[0.398s] writing dependency_links to ../build/demo_python_pkg/demo_python_pkg.egg-info/dependency_links.txt
[0.398s] writing entry points to ../build/demo_python_pkg/demo_python_pkg.egg-info/entry_points.txt
[0.398s] writing requirements to ../build/demo_python_pkg/demo_python_pkg.egg-info/requires.txt
[0.398s] writing top-level names to ../build/demo_python_pkg/demo_python_pkg.egg-info/top_level.txt
[0.399s] reading manifest file '../build/demo_python_pkg/demo_python_pkg.egg-info/SOURCES.txt'
[0.399s] adding license file 'LICENSE'
[0.400s] writing manifest file '../build/demo_python_pkg/demo_python_pkg.egg-info/SOURCES.txt'
[0.400s] running build
[0.400s] running build_py
[0.400s] copying demo_python_pkg/python_node.py -> /home/zsy/sy_git/ROS2/CHAPT2_WS/build/demo_python_pkg/build/lib/demo_python_pkg
[0.400s] running install
[0.400s] running install_lib
[0.400s] copying /home/zsy/sy_git/ROS2/CHAPT2_WS/build/demo_python_pkg/build/lib/demo_python_pkg/python_node.py -> /home/zsy/sy_git/ROS2/CHAPT2_WS/install/demo_python_pkg/lib/python3.10/site-packages/demo_python_pkg
[0.400s] byte-compiling /home/zsy/sy_git/ROS2/CHAPT2_WS/install/demo_python_pkg/lib/python3.10/site-packages/demo_python_pkg/python_node.py to python_node.cpython-310.pyc
[0.401s] running install_data
[0.401s] running install_egg_info
[0.403s] removing '/home/zsy/sy_git/ROS2/CHAPT2_WS/install/demo_python_pkg/lib/python3.10/site-packages/demo_python_pkg-0.0.0-py3.10.egg-info' (and everything under it)
[0.403s] Copying ../build/demo_python_pkg/demo_python_pkg.egg-info to /home/zsy/sy_git/ROS2/CHAPT2_WS/install/demo_python_pkg/lib/python3.10/site-packages/demo_python_pkg-0.0.0-py3.10.egg-info
[0.403s] running install_scripts
[0.413s] Installing python_node script to /home/zsy/sy_git/ROS2/CHAPT2_WS/install/demo_python_pkg/lib/demo_python_pkg
[0.414s] writing list of installed files to '/home/zsy/sy_git/ROS2/CHAPT2_WS/build/demo_python_pkg/install.log'
[0.425s] Invoked command in '/home/zsy/sy_git/ROS2/CHAPT2_WS/demo_python_pkg' returned '0': PYTHONPATH=/home/zsy/sy_git/ROS2/CHAPT2_WS/build/demo_python_pkg/prefix_override:/usr/lib/python3/dist-packages/colcon_core/task/python/colcon_distutils_commands:/home/zsy/sy_git/ROS2/CHAPT2_WS/install/demo_python_pkg/lib/python3.10/site-packages:${PYTHONPATH} /usr/bin/python3 -W ignore:setup.py install is deprecated setup.py egg_info --egg-base ../build/demo_python_pkg build --build-base /home/zsy/sy_git/ROS2/CHAPT2_WS/build/demo_python_pkg/build install --record /home/zsy/sy_git/ROS2/CHAPT2_WS/build/demo_python_pkg/install.log --single-version-externally-managed install_data
