[0.010s] Invoking command in '/home/zsy/sy_git/ROS2/CHAPT2_WS/build/demo_cpp_pkg': CMAKE_PREFIX_PATH=/opt/ros/humble /usr/bin/cmake --build /home/zsy/sy_git/ROS2/CHAPT2_WS/build/demo_cpp_pkg -- -j4 -l4
[0.031s] -- Found ament_cmake: 1.3.10 (/opt/ros/humble/share/ament_cmake/cmake)
[0.097s] -- Found rclcpp: 16.0.10 (/opt/ros/humble/share/rclcpp/cmake)
[0.113s] -- Found rosidl_generator_c: 3.1.5 (/opt/ros/humble/share/rosidl_generator_c/cmake)
[0.114s] -- Found rosidl_adapter: 3.1.5 (/opt/ros/humble/share/rosidl_adapter/cmake)
[0.117s] -- Found rosidl_generator_cpp: 3.1.5 (/opt/ros/humble/share/rosidl_generator_cpp/cmake)
[0.123s] -- Using all available rosidl_typesupport_c: rosidl_typesupport_fastrtps_c;rosidl_typesupport_introspection_c
[0.134s] -- Using all available rosidl_typesupport_cpp: rosidl_typesupport_fastrtps_cpp;rosidl_typesupport_introspection_cpp
[0.150s] -- Found rmw_implementation_cmake: 6.1.2 (/opt/ros/humble/share/rmw_implementation_cmake/cmake)
[0.150s] -- Found rmw_fastrtps_cpp: 6.2.7 (/opt/ros/humble/share/rmw_fastrtps_cpp/cmake)
[0.211s] -- Using RMW implementation 'rmw_fastrtps_cpp' as default
[0.237s] -- Found ament_lint_auto: 0.12.11 (/opt/ros/humble/share/ament_lint_auto/cmake)
[0.275s] -- Added test 'cppcheck' to perform static code analysis on C / C++ code
[0.275s] -- Configured cppcheck include dirs: 
[0.276s] -- Configured cppcheck exclude dirs and/or files: 
[0.276s] -- Added test 'lint_cmake' to check CMake code style
[0.277s] -- Added test 'uncrustify' to check C / C++ code style
[0.277s] -- Configured uncrustify additional arguments: 
[0.277s] -- Added test 'xmllint' to check XML markup files
[0.277s] -- Configuring done
[0.281s] [31mCMake Error at CMakeLists.txt:16 (add_executable):
[0.281s]   Cannot find source file:
[0.281s] 
[0.281s]     src/cpp_person_node.cpp
[0.281s] 
[0.281s]   Tried extensions .c .C .c++ .cc .cpp .cxx .cu .mpp .m .M .mm .ixx .cppm .h
[0.281s]   .hh .h++ .hm .hpp .hxx .in .txx .f .F .for .f77 .f90 .f95 .f03 .hip .ispc
[0.281s] 
[0.281s] [0m
[0.281s] [31mCMake Error at CMakeLists.txt:16 (add_executable):
[0.281s]   No SOURCES given to target: person_node
[0.281s] 
[0.281s] [0m
[0.281s] [0mCMake Generate step failed.  Build files cannot be regenerated correctly.[0m
[0.284s] gmake: *** [Makefile:226：cmake_check_build_system] 错误 1
[0.286s] Invoked command in '/home/zsy/sy_git/ROS2/CHAPT2_WS/build/demo_cpp_pkg' returned '2': CMAKE_PREFIX_PATH=/opt/ros/humble /usr/bin/cmake --build /home/zsy/sy_git/ROS2/CHAPT2_WS/build/demo_cpp_pkg -- -j4 -l4
