[0.012s] Invoking command in '/home/zsy/sy_git/ROS2/CHAPT2_WS/build/demo_cpp_pkg': CMAKE_PREFIX_PATH=/opt/ros/humble /usr/bin/cmake --build /home/zsy/sy_git/ROS2/CHAPT2_WS/build/demo_cpp_pkg -- -j4 -l4
[0.044s] [35m[1mConsolidate compiler generated dependencies of target cpp_node[0m
[0.044s] [35m[1mConsolidate compiler generated dependencies of target person_node[0m
[0.055s] [ 25%] [32mBuilding CXX object CMakeFiles/person_node.dir/src/person_node.cpp.o[0m
[0.062s] [ 75%] Built target cpp_node
[1.694s] [100%] [32m[1mLinking CXX executable person_node[0m
[1.763s] [100%] Built target person_node
[1.774s] Invoked command in '/home/zsy/sy_git/ROS2/CHAPT2_WS/build/demo_cpp_pkg' returned '0': CMAKE_PREFIX_PATH=/opt/ros/humble /usr/bin/cmake --build /home/zsy/sy_git/ROS2/CHAPT2_WS/build/demo_cpp_pkg -- -j4 -l4
[1.801s] Invoking command in '/home/zsy/sy_git/ROS2/CHAPT2_WS/build/demo_cpp_pkg': CMAKE_PREFIX_PATH=/opt/ros/humble /usr/bin/cmake --install /home/zsy/sy_git/ROS2/CHAPT2_WS/build/demo_cpp_pkg
[1.806s] -- Install configuration: ""
[1.806s] -- Installing: /home/zsy/sy_git/ROS2/CHAPT2_WS/install/demo_cpp_pkg/lib/demo_cpp_pkg/cpp_node
[1.807s] -- Set runtime path of "/home/zsy/sy_git/ROS2/CHAPT2_WS/install/demo_cpp_pkg/lib/demo_cpp_pkg/cpp_node" to ""
[1.807s] -- Installing: /home/zsy/sy_git/ROS2/CHAPT2_WS/install/demo_cpp_pkg/lib/demo_cpp_pkg/person_node
[1.807s] -- Set runtime path of "/home/zsy/sy_git/ROS2/CHAPT2_WS/install/demo_cpp_pkg/lib/demo_cpp_pkg/person_node" to ""
[1.808s] -- Up-to-date: /home/zsy/sy_git/ROS2/CHAPT2_WS/install/demo_cpp_pkg/share/ament_index/resource_index/package_run_dependencies/demo_cpp_pkg
[1.808s] -- Up-to-date: /home/zsy/sy_git/ROS2/CHAPT2_WS/install/demo_cpp_pkg/share/ament_index/resource_index/parent_prefix_path/demo_cpp_pkg
[1.808s] -- Up-to-date: /home/zsy/sy_git/ROS2/CHAPT2_WS/install/demo_cpp_pkg/share/demo_cpp_pkg/environment/ament_prefix_path.sh
[1.808s] -- Installing: /home/zsy/sy_git/ROS2/CHAPT2_WS/install/demo_cpp_pkg/share/demo_cpp_pkg/environment/ament_prefix_path.dsv
[1.809s] -- Up-to-date: /home/zsy/sy_git/ROS2/CHAPT2_WS/install/demo_cpp_pkg/share/demo_cpp_pkg/environment/path.sh
[1.809s] -- Installing: /home/zsy/sy_git/ROS2/CHAPT2_WS/install/demo_cpp_pkg/share/demo_cpp_pkg/environment/path.dsv
[1.809s] -- Up-to-date: /home/zsy/sy_git/ROS2/CHAPT2_WS/install/demo_cpp_pkg/share/demo_cpp_pkg/local_setup.bash
[1.809s] -- Up-to-date: /home/zsy/sy_git/ROS2/CHAPT2_WS/install/demo_cpp_pkg/share/demo_cpp_pkg/local_setup.sh
[1.809s] -- Up-to-date: /home/zsy/sy_git/ROS2/CHAPT2_WS/install/demo_cpp_pkg/share/demo_cpp_pkg/local_setup.zsh
[1.809s] -- Installing: /home/zsy/sy_git/ROS2/CHAPT2_WS/install/demo_cpp_pkg/share/demo_cpp_pkg/local_setup.dsv
[1.809s] -- Installing: /home/zsy/sy_git/ROS2/CHAPT2_WS/install/demo_cpp_pkg/share/demo_cpp_pkg/package.dsv
[1.809s] -- Up-to-date: /home/zsy/sy_git/ROS2/CHAPT2_WS/install/demo_cpp_pkg/share/ament_index/resource_index/packages/demo_cpp_pkg
[1.809s] -- Up-to-date: /home/zsy/sy_git/ROS2/CHAPT2_WS/install/demo_cpp_pkg/share/demo_cpp_pkg/cmake/demo_cpp_pkgConfig.cmake
[1.809s] -- Up-to-date: /home/zsy/sy_git/ROS2/CHAPT2_WS/install/demo_cpp_pkg/share/demo_cpp_pkg/cmake/demo_cpp_pkgConfig-version.cmake
[1.809s] -- Up-to-date: /home/zsy/sy_git/ROS2/CHAPT2_WS/install/demo_cpp_pkg/share/demo_cpp_pkg/package.xml
[1.810s] Invoked command in '/home/zsy/sy_git/ROS2/CHAPT2_WS/build/demo_cpp_pkg' returned '0': CMAKE_PREFIX_PATH=/opt/ros/humble /usr/bin/cmake --install /home/zsy/sy_git/ROS2/CHAPT2_WS/build/demo_cpp_pkg
